#
# A fatal error has been detected by the Java Runtime Environment:
#
#  SIGSEGV (0xb) at pc=0x00007fcd61088f48, pid=15054, tid=140517994567424
#
# JRE version: Java(TM) SE Runtime Environment (8.0_45-b14) (build 1.8.0_45-b14)
# Java VM: Java HotSpot(TM) 64-Bit Server VM (25.45-b02 mixed mode linux-amd64 compressed oops)
# Problematic frame:
# V  [libjvm.so+0x6c3f48]  jni_invoke_nonstatic(JNIEnv_*, JavaValue*, _jobject*, JNICallType, _jmethodID*, JNI_ArgumentPusher*, Thread*)+0x38
#
# Failed to write core dump. Core dumps have been disabled. To enable core dumping, try "ulimit -c unlimited" before starting Java again
#
# If you would like to submit a bug report, please visit:
#   http://bugreport.java.com/bugreport/crash.jsp
#

---------------  T H R E A D  ---------------

Current thread (0x00007fccec09a800):  JavaThread "JavaFX Application Thread" [_thread_in_vm, id=15099, stack(0x00007fcce5169000,0x00007fcce526a000)]

siginfo: si_signo: 11 (SIGSEGV), si_code: 128 (SI_KERNEL), si_addr: 0x0000000000000000

Registers:
RAX=0x00007fcce5265d10, RBX=0x00007fcce5265c20, RCX=0x0000000000000001, RDX=0x65726a2f35345f30
RSP=0x00007fcce5265a70, RBP=0x00007fcce5265bf0, RSI=0x00007fcce5265c80, RDI=0x00007fccec09a9f8
R8 =0x00007fccec05b398, R9 =0x00007fcce5265c20, R10=0x000000000000000c, R11=0x0000000000000000
R12=0x00007fccec09a800, R13=0x00007fccec05b398, R14=0x0000000000000001, R15=0x00007fccec09a9f8
RIP=0x00007fcd61088f48, EFLAGS=0x0000000000010206, CSGSFS=0x0000000000000033, ERR=0x0000000000000000
  TRAPNO=0x000000000000000d

Top of Stack: (sp=0x00007fcce5265a70)
0x00007fcce5265a70:   00007fcce52660d0 00007fcd4c5be968
0x00007fcce5265a80:   00007fcce5265ad0 00007fcce5265b50
0x00007fcce5265a90:   00007fcce5265c20 00007fcce5265c80
0x00007fcce5265aa0:   00007fccec09a9f8 00007fcd610a87e0
0x00007fcce5265ab0:   00007fcd040192c0 00007fcd04019340
0x00007fcce5265ac0:   00007fcd040196a8 00000000000003d8
0x00007fcce5265ad0:   00007fcd4accb720 00000000d730ae68
0x00007fcce5265ae0:   00007fcc0000006f 000000000000000a
0x00007fcce5265af0:   00000000d754e400 00007fcc00000000
0x00007fcce5265b00:   00007fcd4ad77738 00007fcce5265bc0
0x00007fcce5265b10:   00007fccec085040 0000000100000140
0x00007fcce5265b20:   00007fcd4accb720 00007fcce5265ad8
0x00007fcce5265b30:   00007fcce5265b19 0000000800000005
0x00007fcce5265b40:   00007fcd4accb700 00007fccec09a800
0x00007fcce5265b50:   00007fcd61904630 00007fcd623e1470
0x00007fcce5265b60:   00000000d730aba0 00007fcd4accb720
0x00007fcce5265b70:   0000000000000000 00007fccec09a800
0x00007fcce5265b80:   00007fcd4acd5680 00007fccec09a800
0x00007fcce5265b90:   00007fcd4acd5680 00007fccec09a800
0x00007fcce5265ba0:   00007fcce5265bf0 00007fcd4acd5680
0x00007fcce5265bb0:   00007fcd4acd5680 00007fcd4acd5680
0x00007fcce5265bc0:   00007fccec09a9f8 00007fcce5265c20
0x00007fcce5265bd0:   00007fccec09a800 00007fcce5265c60
0x00007fcce5265be0:   00007fccec05b398 00007fccec09a9f8
0x00007fcce5265bf0:   00007fcce5265ce0 00007fcd6108d6ef
0x00007fcce5265c00:   00007fccec09a800 81ba381e4d176a00
0x00007fcce5265c10:   00007fcce5265cf0 65726a2f35345f30
0x00007fcce5265c20:   00007fcd61905290 00007fcd623e1470
0x00007fcce5265c30:   00000000ec085040 81ba381e00000063
0x00007fcce5265c40:   0000000000000000 0000003000000018
0x00007fcce5265c50:   00007fcce5265dd0 00007fcce5265d10
0x00007fcce5265c60:   00007fccec09a800 0000000000000000 

Instructions: (pc=0x00007fcd61088f48)
0x00007fcd61088f28:   00 00 48 85 d2 48 89 bd b0 fe ff ff 48 89 b5 a8
0x00007fcd61088f38:   fe ff ff 4c 89 8d a0 fe ff ff 0f 84 10 09 00 00
0x00007fcd61088f48:   4c 8b 22 4d 85 e4 0f 84 04 09 00 00 48 8b 45 10
0x00007fcd61088f58:   48 8b 98 38 01 00 00 48 83 7b 18 f7 0f 87 06 06 

Register to memory mapping:

RAX=0x00007fcce5265d10 is pointing into the stack for thread: 0x00007fccec09a800
RBX=0x00007fcce5265c20 is pointing into the stack for thread: 0x00007fccec09a800
RCX=0x0000000000000001 is an unknown value
RDX=0x65726a2f35345f30 is an unknown value
RSP=0x00007fcce5265a70 is pointing into the stack for thread: 0x00007fccec09a800
RBP=0x00007fcce5265bf0 is pointing into the stack for thread: 0x00007fccec09a800
RSI=0x00007fcce5265c80 is pointing into the stack for thread: 0x00007fccec09a800
RDI=0x00007fccec09a9f8 is an unknown value
R8 =0x00007fccec05b398 is an unknown value
R9 =0x00007fcce5265c20 is pointing into the stack for thread: 0x00007fccec09a800
R10=0x000000000000000c is an unknown value
R11=0x0000000000000000 is an unknown value
R12=0x00007fccec09a800 is a thread
R13=0x00007fccec05b398 is an unknown value
R14=0x0000000000000001 is an unknown value
R15=0x00007fccec09a9f8 is an unknown value


Stack: [0x00007fcce5169000,0x00007fcce526a000],  sp=0x00007fcce5265a70,  free space=1010k
Native frames: (J=compiled Java code, j=interpreted, Vv=VM code, C=native code)
V  [libjvm.so+0x6c3f48]  jni_invoke_nonstatic(JNIEnv_*, JavaValue*, _jobject*, JNICallType, _jmethodID*, JNI_ArgumentPusher*, Thread*)+0x38
V  [libjvm.so+0x6c86ef]  jni_CallVoidMethodV+0x10f
C  [libglass.so+0x14408]  JNIEnv_::CallVoidMethod(_jobject*, _jmethodID*, ...)+0x98
C  [libglass.so+0x20f85]  WindowContextBase::process_key(_GdkEventKey*)+0x225
C  [libglass.so+0x142a0]  WindowContextBase::im_filter_keypress(_GdkEventKey*)+0x1f0
C  [libglass.so+0x1cf24]  process_events(_GdkEvent*, void*)+0x204
C  [libgdk-x11-2.0.so.0+0x591ec]

Java frames: (J=compiled Java code, j=interpreted, Vv=VM code)
j  com.sun.glass.ui.gtk.GtkApplication.enterNestedEventLoopImpl()V+0
j  com.sun.glass.ui.gtk.GtkApplication._enterNestedEventLoop()Ljava/lang/Object;+15
j  com.sun.glass.ui.Application.enterNestedEventLoop()Ljava/lang/Object;+14
j  com.sun.glass.ui.EventLoop.enter()Ljava/lang/Object;+42
j  com.sun.javafx.tk.quantum.QuantumToolkit.enterNestedEventLoop(Ljava/lang/Object;)Ljava/lang/Object;+107
j  javafx.stage.Stage.showAndWait()V+74
j  javafx.scene.control.HeavyweightDialog.showAndWait()V+11
j  javafx.scene.control.Dialog.showAndWait()Ljava/util/Optional;+41
j  gui.Main$7.handle(Ljavafx/event/ActionEvent;)V+27
j  gui.Main$7.handle(Ljavafx/event/Event;)V+5
j  com.sun.javafx.event.CompositeEventHandler.dispatchBubblingEvent(Ljavafx/event/Event;)V+51
J 1572 C1 com.sun.javafx.event.EventHandlerManager.dispatchBubblingEvent(Ljavafx/event/Event;)Ljavafx/event/Event; (23 bytes) @ 0x00007fcd4ca860e4 [0x00007fcd4ca85a40+0x6a4]
J 1364 C1 com.sun.javafx.event.BasicEventDispatcher.dispatchEvent(Ljavafx/event/Event;Ljavafx/event/EventDispatchChain;)Ljavafx/event/Event; (44 bytes) @ 0x00007fcd4ca003f4 [0x00007fcd4ca000c0+0x334]
J 1324 C1 com.sun.javafx.event.EventDispatchChainImpl.dispatchEvent(Ljavafx/event/Event;)Ljavafx/event/Event; (101 bytes) @ 0x00007fcd4c9eaf04 [0x00007fcd4c9ead60+0x1a4]
j  com.sun.javafx.event.EventUtil.fireEventImpl(Ljavafx/event/EventDispatchChain;Ljavafx/event/EventTarget;Ljavafx/event/Event;)Ljavafx/event/Event;+10
j  com.sun.javafx.event.EventUtil.fireEvent(Ljavafx/event/EventTarget;Ljavafx/event/Event;)Ljavafx/event/Event;+37
j  javafx.event.Event.fireEvent(Ljavafx/event/EventTarget;Ljavafx/event/Event;)V+30
j  javafx.scene.control.MenuItem.fire()V+10
j  com.sun.javafx.scene.control.skin.ContextMenuContent$MenuItemContainer.doSelect()V+97
j  com.sun.javafx.scene.control.skin.ContextMenuContent$MenuItemContainer.lambda$createChildren$341(Ljavafx/scene/input/MouseEvent;)V+1
j  com.sun.javafx.scene.control.skin.ContextMenuContent$MenuItemContainer$$Lambda$214.handle(Ljavafx/event/Event;)V+8
j  com.sun.javafx.event.CompositeEventHandler$NormalEventHandlerRecord.handleBubblingEvent(Ljavafx/event/Event;)V+5
j  com.sun.javafx.event.CompositeEventHandler.dispatchBubblingEvent(Ljavafx/event/Event;)V+28
J 1572 C1 com.sun.javafx.event.EventHandlerManager.dispatchBubblingEvent(Ljavafx/event/Event;)Ljavafx/event/Event; (23 bytes) @ 0x00007fcd4ca860e4 [0x00007fcd4ca85a40+0x6a4]
J 1574 C1 com.sun.javafx.event.CompositeEventDispatcher.dispatchBubblingEvent(Ljavafx/event/Event;)Ljavafx/event/Event; (35 bytes) @ 0x00007fcd4ca86e5c [0x00007fcd4ca86ca0+0x1bc]
J 1364 C1 com.sun.javafx.event.BasicEventDispatcher.dispatchEvent(Ljavafx/event/Event;Ljavafx/event/EventDispatchChain;)Ljavafx/event/Event; (44 bytes) @ 0x00007fcd4ca003f4 [0x00007fcd4ca000c0+0x334]
J 1324 C1 com.sun.javafx.event.EventDispatchChainImpl.dispatchEvent(Ljavafx/event/Event;)Ljavafx/event/Event; (101 bytes) @ 0x00007fcd4c9eaf04 [0x00007fcd4c9ead60+0x1a4]
J 1364 C1 com.sun.javafx.event.BasicEventDispatcher.dispatchEvent(Ljavafx/event/Event;Ljavafx/event/EventDispatchChain;)Ljavafx/event/Event; (44 bytes) @ 0x00007fcd4ca0030c [0x00007fcd4ca000c0+0x24c]
J 1324 C1 com.sun.javafx.event.EventDispatchChainImpl.dispatchEvent(Ljavafx/event/Event;)Ljavafx/event/Event; (101 bytes) @ 0x00007fcd4c9eaf04 [0x00007fcd4c9ead60+0x1a4]
J 1364 C1 com.sun.javafx.event.BasicEventDispatcher.dispatchEvent(Ljavafx/event/Event;Ljavafx/event/EventDispatchChain;)Ljavafx/event/Event; (44 bytes) @ 0x00007fcd4ca0030c [0x00007fcd4ca000c0+0x24c]
J 1324 C1 com.sun.javafx.event.EventDispatchChainImpl.dispatchEvent(Ljavafx/event/Event;)Ljavafx/event/Event; (101 bytes) @ 0x00007fcd4c9eaf04 [0x00007fcd4c9ead60+0x1a4]
J 1364 C1 com.sun.javafx.event.BasicEventDispatcher.dispatchEvent(Ljavafx/event/Event;Ljavafx/event/EventDispatchChain;)Ljavafx/event/Event; (44 bytes) @ 0x00007fcd4ca0030c [0x00007fcd4ca000c0+0x24c]
J 1324 C1 com.sun.javafx.event.EventDispatchChainImpl.dispatchEvent(Ljavafx/event/Event;)Ljavafx/event/Event; (101 bytes) @ 0x00007fcd4c9eaf04 [0x00007fcd4c9ead60+0x1a4]
j  com.sun.javafx.event.EventUtil.fireEventImpl(Ljavafx/event/EventDispatchChain;Ljavafx/event/EventTarget;Ljavafx/event/Event;)Ljavafx/event/Event;+10
j  com.sun.javafx.event.EventUtil.fireEvent(Ljavafx/event/EventTarget;Ljavafx/event/Event;)Ljavafx/event/Event;+46
j  javafx.event.Event.fireEvent(Ljavafx/event/EventTarget;Ljavafx/event/Event;)V+30
j  javafx.scene.Scene$MouseHandler.process(Ljavafx/scene/input/MouseEvent;Z)V+491
j  javafx.scene.Scene$MouseHandler.access$1500(Ljavafx/scene/Scene$MouseHandler;Ljavafx/scene/input/MouseEvent;Z)V+3
j  javafx.scene.Scene.impl_processMouseEvent(Ljavafx/scene/input/MouseEvent;)V+6
j  javafx.scene.Scene$ScenePeerListener.mouseEvent(Ljavafx/event/EventType;DDDDLjavafx/scene/input/MouseButton;ZZZZZZZZZ)V+46
j  com.sun.javafx.tk.quantum.GlassViewEventHandler$MouseEventNotification.run()Ljava/lang/Void;+438
j  com.sun.javafx.tk.quantum.GlassViewEventHandler$MouseEventNotification.run()Ljava/lang/Object;+1
v  ~StubRoutines::call_stub
j  java.security.AccessController.doPrivileged(Ljava/security/PrivilegedAction;Ljava/security/AccessControlContext;)Ljava/lang/Object;+0
j  com.sun.javafx.tk.quantum.GlassViewEventHandler.lambda$handleMouseEvent$350()Ljava/lang/Void;+11
j  com.sun.javafx.tk.quantum.GlassViewEventHandler$$Lambda$198.get()Ljava/lang/Object;+4
j  com.sun.javafx.tk.quantum.QuantumToolkit.runWithoutRenderLock(Ljava/util/function/Supplier;)Ljava/lang/Object;+18
j  com.sun.javafx.tk.quantum.GlassViewEventHandler.handleMouseEvent(Lcom/sun/glass/ui/View;JIIIIIIIZZ)V+103
j  com.sun.glass.ui.View.handleMouseEvent(JIIIIIIIZZ)V+30
j  com.sun.glass.ui.View.notifyMouse(IIIIIIIZZ)V+181
v  ~StubRoutines::call_stub
j  com.sun.glass.ui.gtk.GtkApplication._runLoop(Ljava/lang/Runnable;Z)V+0
j  com.sun.glass.ui.gtk.GtkApplication.lambda$null$48(Ljava/lang/Runnable;Z)V+7
j  com.sun.glass.ui.gtk.GtkApplication$$Lambda$43.run()V+12
j  java.lang.Thread.run()V+11
v  ~StubRoutines::call_stub

---------------  P R O C E S S  ---------------

Java Threads: ( => current thread )
  0x00007fccd8215800 JavaThread "Prism Font Disposer" daemon [_thread_blocked, id=15102, stack(0x00007fcce437f000,0x00007fcce4480000)]
=>0x00007fccec09a800 JavaThread "JavaFX Application Thread" [_thread_in_vm, id=15099, stack(0x00007fcce5169000,0x00007fcce526a000)]
  0x00007fccec0a7000 JavaThread "Thread-2" daemon [_thread_blocked, id=15098, stack(0x00007fcce526a000,0x00007fcce536b000)]
  0x00007fccec049800 JavaThread "QuantumRenderer-0" daemon [_thread_blocked, id=15097, stack(0x00007fcd2b64d000,0x00007fcd2b74e000)]
  0x00007fcd5c233800 JavaThread "JavaFX-Launcher" [_thread_blocked, id=15096, stack(0x00007fcd2b74e000,0x00007fcd2b84f000)]
  0x00007fcd5c14b000 JavaThread "Monitor Ctrl-Break" daemon [_thread_in_native, id=15085, stack(0x00007fcd2bafb000,0x00007fcd2bbfc000)]
  0x00007fcd5c0d6000 JavaThread "Service Thread" daemon [_thread_blocked, id=15073, stack(0x00007fcd2beff000,0x00007fcd2c000000)]
  0x00007fcd5c0c9000 JavaThread "C1 CompilerThread3" daemon [_thread_blocked, id=15072, stack(0x00007fcd3006e000,0x00007fcd3016f000)]
  0x00007fcd5c0c6800 JavaThread "C2 CompilerThread2" daemon [_thread_blocked, id=15071, stack(0x00007fcd3016f000,0x00007fcd30270000)]
  0x00007fcd5c0c5000 JavaThread "C2 CompilerThread1" daemon [_thread_blocked, id=15070, stack(0x00007fcd48066000,0x00007fcd48167000)]
  0x00007fcd5c0c2000 JavaThread "C2 CompilerThread0" daemon [_thread_blocked, id=15069, stack(0x00007fcd48167000,0x00007fcd48268000)]
  0x00007fcd5c0c0800 JavaThread "Signal Dispatcher" daemon [_thread_blocked, id=15068, stack(0x00007fcd48268000,0x00007fcd48369000)]
  0x00007fcd5c087800 JavaThread "Finalizer" daemon [_thread_blocked, id=15067, stack(0x00007fcd4864f000,0x00007fcd48750000)]
  0x00007fcd5c085800 JavaThread "Reference Handler" daemon [_thread_blocked, id=15066, stack(0x00007fcd48750000,0x00007fcd48851000)]
  0x00007fcd5c00a800 JavaThread "main" [_thread_blocked, id=15056, stack(0x00007fcd62485000,0x00007fcd62586000)]

Other Threads:
  0x00007fcd5c080800 VMThread [stack: 0x00007fcd48851000,0x00007fcd48952000] [id=15065]
  0x00007fcd5c0d8800 WatcherThread [stack: 0x00007fcd2bdfe000,0x00007fcd2beff000] [id=15074]

VM state:not at safepoint (normal execution)

VM Mutex/Monitor currently owned by a thread: None

Heap:
 PSYoungGen      total 36864K, used 11031K [0x00000000d6f80000, 0x00000000d9880000, 0x0000000100000000)
  eden space 31744K, 20% used [0x00000000d6f80000,0x00000000d75d11e8,0x00000000d8e80000)
  from space 5120K, 89% used [0x00000000d8e80000,0x00000000d92f4ab8,0x00000000d9380000)
  to   space 5120K, 0% used [0x00000000d9380000,0x00000000d9380000,0x00000000d9880000)
 ParOldGen       total 84992K, used 16K [0x0000000084e00000, 0x000000008a100000, 0x00000000d6f80000)
  object space 84992K, 0% used [0x0000000084e00000,0x0000000084e04000,0x000000008a100000)
 Metaspace       used 16453K, capacity 17516K, committed 17664K, reserved 1064960K
  class space    used 2510K, capacity 2740K, committed 2816K, reserved 1048576K

Card table byte_map: [0x00007fcd4be0f000,0x00007fcd4c1e9000] byte_map_base: 0x00007fcd4b9e8000

Marking Bits: (ParMarkBitMap*) 0x00007fcd61962760
 Begin Bits: [0x00007fcd30270000, 0x00007fcd32138000)
 End Bits:   [0x00007fcd32138000, 0x00007fcd34000000)

Polling page: 0x00007fcd625a9000

CodeCache: size=245760Kb used=5633Kb max_used=5633Kb free=240126Kb
 bounds [0x00007fcd4c5a9000, 0x00007fcd4cb39000, 0x00007fcd5b5a9000]
 total_blobs=2520 nmethods=1860 adapters=572
 compilation: enabled

Compilation events (10 events):
Event: 4,132 Thread 0x00007fcd5c0c9000 nmethod 1854 0x00007fcd4cb2a810 code [0x00007fcd4cb2a960, 0x00007fcd4cb2aa70]
Event: 4,132 Thread 0x00007fcd5c0c9000 1856       1       java.util.concurrent.atomic.AtomicInteger::get (5 bytes)
Event: 4,132 Thread 0x00007fcd5c0c9000 nmethod 1856 0x00007fcd4cb2aad0 code [0x00007fcd4cb2ac20, 0x00007fcd4cb2ad30]
Event: 4,243 Thread 0x00007fcd5c0c9000 1857       3       java.util.concurrent.locks.AbstractQueuedSynchronizer::isOnSyncQueue (33 bytes)
Event: 4,244 Thread 0x00007fcd5c0c9000 nmethod 1857 0x00007fcd4cb2ad90 code [0x00007fcd4cb2af20, 0x00007fcd4cb2b2b0]
Event: 4,277 Thread 0x00007fcd5c0c9000 1858       1       com.sun.scenario.animation.AbstractMasterTimer::access$600 (5 bytes)
Event: 4,277 Thread 0x00007fcd5c0c9000 nmethod 1858 0x00007fcd4cb2b410 code [0x00007fcd4cb2b560, 0x00007fcd4cb2b650]
Event: 4,277 Thread 0x00007fcd5c0c9000 1859       1       com.sun.scenario.animation.AbstractMasterTimer::access$700 (5 bytes)
Event: 4,277 Thread 0x00007fcd5c0c9000 nmethod 1859 0x00007fcd4cb2b6d0 code [0x00007fcd4cb2b820, 0x00007fcd4cb2b910]
Event: 4,354 Thread 0x00007fcd5c0c9000 1860       3       com.sun.prism.es2.GLContext::updateActiveTextureUnit (14 bytes)

GC Heap History (2 events):
Event: 2,168 GC heap before
{Heap before GC invocations=1 (full 0):
 PSYoungGen      total 36864K, used 31744K [0x00000000d6f80000, 0x00000000d9880000, 0x0000000100000000)
  eden space 31744K, 100% used [0x00000000d6f80000,0x00000000d8e80000,0x00000000d8e80000)
  from space 5120K, 0% used [0x00000000d9380000,0x00000000d9380000,0x00000000d9880000)
  to   space 5120K, 0% used [0x00000000d8e80000,0x00000000d8e80000,0x00000000d9380000)
 ParOldGen       total 84992K, used 0K [0x0000000084e00000, 0x000000008a100000, 0x00000000d6f80000)
  object space 84992K, 0% used [0x0000000084e00000,0x0000000084e00000,0x000000008a100000)
 Metaspace       used 14507K, capacity 15316K, committed 15488K, reserved 1062912K
  class space    used 2146K, capacity 2336K, committed 2432K, reserved 1048576K
Event: 2,177 GC heap after
Heap after GC invocations=1 (full 0):
 PSYoungGen      total 36864K, used 4562K [0x00000000d6f80000, 0x00000000d9880000, 0x0000000100000000)
  eden space 31744K, 0% used [0x00000000d6f80000,0x00000000d6f80000,0x00000000d8e80000)
  from space 5120K, 89% used [0x00000000d8e80000,0x00000000d92f4ab8,0x00000000d9380000)
  to   space 5120K, 0% used [0x00000000d9380000,0x00000000d9380000,0x00000000d9880000)
 ParOldGen       total 84992K, used 16K [0x0000000084e00000, 0x000000008a100000, 0x00000000d6f80000)
  object space 84992K, 0% used [0x0000000084e00000,0x0000000084e04000,0x000000008a100000)
 Metaspace       used 14507K, capacity 15316K, committed 15488K, reserved 1062912K
  class space    used 2146K, capacity 2336K, committed 2432K, reserved 1048576K
}

Deoptimization events (10 events):
Event: 2,724 Thread 0x00007fccec09a800 Uncommon trap: reason=array_check action=maybe_recompile pc=0x00007fcd4ca8f4b0 method=com.sun.javafx.css.SimpleSelector.applies(Ljavafx/css/Styleable;[Ljava/util/Set;I)Z @ 37
Event: 2,734 Thread 0x00007fccec09a800 Uncommon trap: reason=unstable_if action=reinterpret pc=0x00007fcd4ca56158 method=com.sun.javafx.css.SimpleSelector.applies(Ljavafx/css/Styleable;)Z @ 7
Event: 2,737 Thread 0x00007fccec09a800 Uncommon trap: reason=unstable_if action=reinterpret pc=0x00007fcd4ca131b8 method=com.sun.javafx.css.BitSet.add(Ljava/lang/Object;)Z @ 91
Event: 2,749 Thread 0x00007fccec09a800 Uncommon trap: reason=unstable_if action=reinterpret pc=0x00007fcd4c92b6d4 method=java.io.ByteArrayInputStream.read()I @ 8
Event: 2,749 Thread 0x00007fccec09a800 Uncommon trap: reason=class_check action=maybe_recompile pc=0x00007fcd4c96ebcc method=java.io.FilterInputStream.read()I @ 4
Event: 2,749 Thread 0x00007fccec09a800 Uncommon trap: reason=class_check action=maybe_recompile pc=0x00007fcd4c96ebcc method=java.io.FilterInputStream.read()I @ 4
Event: 2,749 Thread 0x00007fccec09a800 Uncommon trap: reason=class_check action=maybe_recompile pc=0x00007fcd4c96ebcc method=java.io.FilterInputStream.read()I @ 4
Event: 2,749 Thread 0x00007fccec09a800 Uncommon trap: reason=class_check action=maybe_recompile pc=0x00007fcd4c96ebcc method=java.io.FilterInputStream.read()I @ 4
Event: 2,765 Thread 0x00007fccec09a800 Uncommon trap: reason=unstable_if action=reinterpret pc=0x00007fcd4c9132cc method=java.lang.CharacterDataLatin1.toUpperCase(I)I @ 12
Event: 2,776 Thread 0x00007fccec09a800 Uncommon trap: reason=unstable_if action=reinterpret pc=0x00007fcd4ca31724 method=com.sun.javafx.css.BitSet.addAll(Ljava/util/Collection;)Z @ 1

Internal exceptions (10 events):
Event: 0,142 Thread 0x00007fcd5c233800 Exception <a 'java/security/PrivilegedActionException'> (0x00000000d748d990) thrown at [/RE-WORK/workspace/8-2-build-linux-amd64/jdk8u45/3457/hotspot/src/share/vm/prims/jvm.cpp, line 1382]
Event: 0,143 Thread 0x00007fcd5c233800 Exception <a 'java/security/PrivilegedActionException'> (0x00000000d748fc48) thrown at [/RE-WORK/workspace/8-2-build-linux-amd64/jdk8u45/3457/hotspot/src/share/vm/prims/jvm.cpp, line 1382]
Event: 0,143 Thread 0x00007fcd5c233800 Exception <a 'java/security/PrivilegedActionException'> (0x00000000d748fe00) thrown at [/RE-WORK/workspace/8-2-build-linux-amd64/jdk8u45/3457/hotspot/src/share/vm/prims/jvm.cpp, line 1382]
Event: 0,143 Thread 0x00007fcd5c233800 Exception <a 'java/lang/NullPointerException'> (0x00000000d7490380) thrown at [/RE-WORK/workspace/8-2-build-linux-amd64/jdk8u45/3457/hotspot/src/share/vm/interpreter/linkResolver.cpp, line 1178]
Event: 0,371 Thread 0x00007fccec09a800 Exception <a 'java/lang/NullPointerException'> (0x00000000d7ba17e8) thrown at [/RE-WORK/workspace/8-2-build-linux-amd64/jdk8u45/3457/hotspot/src/share/vm/interpreter/linkResolver.cpp, line 1178]
Event: 0,371 Thread 0x00007fccec09a800 Exception <a 'java/lang/NullPointerException'> (0x00000000d7ba17e8) thrown at [/RE-WORK/workspace/8-2-build-linux-amd64/jdk8u45/3457/hotspot/src/share/vm/prims/jvm.cpp, line 1386]
Event: 0,481 Thread 0x00007fccec09a800 Implicit null exception at 0x00007fcd4c7ed535 to 0x00007fcd4c7ed711
Event: 0,505 Thread 0x00007fccec09a800 Implicit null exception at 0x00007fcd4c827e57 to 0x00007fcd4c828229
Event: 0,569 Thread 0x00007fccec09a800 Implicit null exception at 0x00007fcd4c85d9ba to 0x00007fcd4c85dfed
Event: 2,776 Thread 0x00007fccec09a800 Implicit null exception at 0x00007fcd4ca311d1 to 0x00007fcd4ca3170d

Events (10 events):
Event: 3,571 loading class com/sun/prism/shape/ShapeRep$InvalidationType
Event: 3,571 loading class com/sun/prism/shape/ShapeRep$InvalidationType done
Event: 4,067 Executing VM operation: EnableBiasedLocking
Event: 4,068 Executing VM operation: EnableBiasedLocking done
Event: 4,353 loading class javafx/scene/input/KeyCombination$2
Event: 4,353 loading class javafx/scene/input/KeyCombination$2 done
Event: 4,353 loading class com/sun/prism/GraphicsResource
Event: 4,353 loading class com/sun/prism/GraphicsResource done
Event: 4,353 loading class com/sun/prism/GraphicsResource
Event: 4,353 loading class com/sun/prism/GraphicsResource done


Dynamic libraries:
00400000-00401000 r-xp 00000000 08:04 1576861                            /usr/lib/jvm/jdk1.8.0_45/bin/java
00600000-00601000 rw-p 00000000 08:04 1576861                            /usr/lib/jvm/jdk1.8.0_45/bin/java
00fc6000-00fe7000 rw-p 00000000 00:00 0                                  [heap]
84e00000-8a100000 rw-p 00000000 00:00 0 
8a100000-d6f80000 ---p 00000000 00:00 0 
d6f80000-d9880000 rw-p 00000000 00:00 0 
d9880000-100000000 ---p 00000000 00:00 0 
100000000-1002c0000 rw-p 00000000 00:00 0 
1002c0000-140000000 ---p 00000000 00:00 0 
7fccd7c0a000-7fccd7c10000 rw-s 104f6e000 00:05 12369                     /dev/dri/card0
7fccd7c10000-7fccd7c90000 rw-p 00000000 00:00 0 
7fccd7c90000-7fccd7e10000 ---p 00000000 00:00 0 
7fccd7e10000-7fccd7e18000 rw-s 00000000 00:04 205056                     /drm mm object (deleted)
7fccd7e18000-7fccd7e20000 rw-s 00000000 00:04 205054                     /drm mm object (deleted)
7fccd7e20000-7fccd7e28000 rw-s 00000000 00:04 205052                     /drm mm object (deleted)
7fccd7e28000-7fccd7e30000 rw-s 00000000 00:04 205050                     /drm mm object (deleted)
7fccd7e30000-7fccd7e38000 rw-s 00000000 00:04 205048                     /drm mm object (deleted)
7fccd7e38000-7fccd7e40000 rw-s 00000000 00:04 205046                     /drm mm object (deleted)
7fccd7e40000-7fccd8000000 rw-s 00000000 00:04 197122                     /drm mm object (deleted)
7fccd8000000-7fccd85ed000 rw-p 00000000 00:00 0 
7fccd85ed000-7fccdc000000 ---p 00000000 00:00 0 
7fccdc000000-7fccdc021000 rw-p 00000000 00:00 0 
7fccdc021000-7fcce0000000 ---p 00000000 00:00 0 
7fcce0000000-7fcce0021000 rw-p 00000000 00:00 0 
7fcce0021000-7fcce4000000 ---p 00000000 00:00 0 
7fcce4004000-7fcce400c000 rw-s 00000000 00:04 205044                     /drm mm object (deleted)
7fcce400c000-7fcce4014000 rw-s 00000000 00:04 205042                     /drm mm object (deleted)
7fcce4014000-7fcce401c000 rw-s 00000000 00:04 205040                     /drm mm object (deleted)
7fcce401c000-7fcce4024000 rw-s 00000000 00:04 205038                     /drm mm object (deleted)
7fcce4024000-7fcce402c000 rw-s 00000000 00:04 205036                     /drm mm object (deleted)
7fcce402c000-7fcce4034000 rw-s 00000000 00:04 205034                     /drm mm object (deleted)
7fcce4034000-7fcce403c000 rw-s 00000000 00:04 205032                     /drm mm object (deleted)
7fcce403c000-7fcce4044000 rw-s 00000000 00:04 205030                     /drm mm object (deleted)
7fcce4044000-7fcce404c000 rw-s 00000000 00:04 205028                     /drm mm object (deleted)
7fcce404c000-7fcce4054000 rw-s 00000000 00:04 205026                     /drm mm object (deleted)
7fcce4054000-7fcce405c000 rw-s 00000000 00:04 205024                     /drm mm object (deleted)
7fcce405c000-7fcce4064000 rw-s 00000000 00:04 205022                     /drm mm object (deleted)
7fcce4064000-7fcce406c000 rw-s 00000000 00:04 205020                     /drm mm object (deleted)
7fcce406c000-7fcce4074000 rw-s 00000000 00:04 205018                     /drm mm object (deleted)
7fcce4074000-7fcce4082000 rw-s 00000000 00:04 205016                     /drm mm object (deleted)
7fcce4082000-7fcce4086000 rw-s 00000000 00:04 197130                     /drm mm object (deleted)
7fcce4086000-7fcce408e000 rw-s 00000000 00:04 205009                     /drm mm object (deleted)
7fcce408e000-7fcce4096000 rw-s 00000000 00:04 205007                     /drm mm object (deleted)
7fcce4096000-7fcce409e000 rw-s 00000000 00:04 205005                     /drm mm object (deleted)
7fcce409e000-7fcce40a6000 rw-s 00000000 00:04 205003                     /drm mm object (deleted)
7fcce40a6000-7fcce40ae000 rw-s 00000000 00:04 205001                     /drm mm object (deleted)
7fcce40ae000-7fcce40b6000 rw-s 00000000 00:04 204999                     /drm mm object (deleted)
7fcce40b6000-7fcce40be000 rw-s 00000000 00:04 204997                     /drm mm object (deleted)
7fcce40be000-7fcce40c6000 rw-s 00000000 00:04 204995                     /drm mm object (deleted)
7fcce40c6000-7fcce40ce000 rw-s 00000000 00:04 204993                     /drm mm object (deleted)
7fcce40ce000-7fcce40d6000 rw-s 00000000 00:04 204991                     /drm mm object (deleted)
7fcce40d6000-7fcce40de000 rw-s 00000000 00:04 204989                     /drm mm object (deleted)
7fcce40de000-7fcce40e6000 rw-s 00000000 00:04 205017                     /drm mm object (deleted)
7fcce40e6000-7fcce4146000 rw-s 104d69000 00:05 12369                     /dev/dri/card0
7fcce4146000-7fcce4154000 rw-s 104d12000 00:05 12369                     /dev/dri/card0
7fcce4155000-7fcce4158000 rw-p 00000000 00:00 0 
7fcce4158000-7fcce4159000 rw-s 00000000 00:04 197121                     /drm mm object (deleted)
7fcce4159000-7fcce4161000 rw-s 00000000 00:04 197089                     /drm mm object (deleted)
7fcce4161000-7fcce4169000 rw-s 00000000 00:04 197086                     /drm mm object (deleted)
7fcce4169000-7fcce4171000 rw-s 00000000 00:04 197083                     /drm mm object (deleted)
7fcce4171000-7fcce4172000 rw-s 00000000 00:04 197080                     /drm mm object (deleted)
7fcce4172000-7fcce4173000 rw-s 00000000 00:04 197073                     /drm mm object (deleted)
7fcce4173000-7fcce417f000 rw-s 00000000 00:04 197060                     /drm mm object (deleted)
7fcce417f000-7fcce437f000 rw-p 00000000 00:00 0 
7fcce437f000-7fcce4382000 ---p 00000000 00:00 0 
7fcce4382000-7fcce4480000 rw-p 00000000 00:00 0                          [stack:15102]
7fcce4480000-7fcce4536000 r--p 00000000 08:04 2622354                    /usr/share/fonts/truetype/dejavu/DejaVuSans.ttf
7fcce4536000-7fcce4572000 r--p 00000000 08:04 1314656                    /usr/lib/jvm/jdk1.8.0_45/jre/lib/fonts/LucidaTypewriterRegular.ttf
7fcce4572000-7fcce45c7000 r--p 00000000 08:04 1317033                    /usr/lib/jvm/jdk1.8.0_45/jre/lib/fonts/LucidaBrightRegular.ttf
7fcce45c7000-7fcce45da000 r--p 00000000 08:04 1314755                    /usr/lib/jvm/jdk1.8.0_45/jre/lib/fonts/LucidaBrightDemiItalic.ttf
7fcce45da000-7fcce45ee000 r--p 00000000 08:04 1315196                    /usr/lib/jvm/jdk1.8.0_45/jre/lib/fonts/LucidaBrightItalic.ttf
7fcce45ee000-7fcce4628000 r--p 00000000 08:04 1318764                    /usr/lib/jvm/jdk1.8.0_45/jre/lib/fonts/LucidaTypewriterBold.ttf
7fcce4628000-7fcce463b000 r--p 00000000 08:04 1317940                    /usr/lib/jvm/jdk1.8.0_45/jre/lib/fonts/LucidaBrightDemiBold.ttf
7fcce463b000-7fcce4689000 r--p 00000000 08:04 1314654                    /usr/lib/jvm/jdk1.8.0_45/jre/lib/fonts/LucidaSansDemiBold.ttf
7fcce4689000-7fcce4734000 r--p 00000000 08:04 1315186                    /usr/lib/jvm/jdk1.8.0_45/jre/lib/fonts/LucidaSansRegular.ttf
7fcce4734000-7fcce4738000 r-xp 00000000 08:04 1576739                    /usr/lib/jvm/jdk1.8.0_45/jre/lib/amd64/libjavafx_font_pango.so
7fcce4738000-7fcce4937000 ---p 00004000 08:04 1576739                    /usr/lib/jvm/jdk1.8.0_45/jre/lib/amd64/libjavafx_font_pango.so
7fcce4937000-7fcce4938000 r--p 00003000 08:04 1576739                    /usr/lib/jvm/jdk1.8.0_45/jre/lib/amd64/libjavafx_font_pango.so
7fcce4938000-7fcce4939000 rw-p 00004000 08:04 1576739                    /usr/lib/jvm/jdk1.8.0_45/jre/lib/amd64/libjavafx_font_pango.so
7fcce4939000-7fcce4b39000 rw-p 00000000 00:00 0 
7fcce4b39000-7fcce4b3e000 r--s 00083000 08:04 1320849                    /usr/lib/jvm/jdk1.8.0_45/jre/lib/jfr.jar
7fcce4b3e000-7fcce4d3e000 rw-p 00000000 00:00 0 
7fcce4d3e000-7fcce4d3f000 r--s 00000000 08:04 11283037                   /var/cache/fontconfig/c05880de57d1f5e948fdfacc138775d9-le64.cache-4
7fcce4d3f000-7fcce4d4a000 r--s 00000000 08:04 11272290                   /var/cache/fontconfig/945677eb7aeaf62f1d50efc3fb3ec7d8-le64.cache-4
7fcce4d4a000-7fcce4d4c000 r--s 00000000 08:04 11283031                   /var/cache/fontconfig/99e8ed0e538f840c565b6ed5dad60d56-le64.cache-4
7fcce4d4c000-7fcce4d52000 r--s 00000000 08:04 11282960                   /var/cache/fontconfig/2cd17615ca594fa2959ae173292e504c-le64.cache-4
7fcce4d52000-7fcce4d53000 r--s 00000000 08:04 11282946                   /var/cache/fontconfig/e7071f4a29fa870f4323321c154eba04-le64.cache-4
7fcce4d53000-7fcce4d5f000 r--s 00000000 08:04 11282892                   /var/cache/fontconfig/6d41288fd70b0be22e8c3a91e032eec0-le64.cache-4
7fcce4d5f000-7fcce4d64000 r-xp 00000000 08:04 1576678                    /usr/lib/jvm/jdk1.8.0_45/jre/lib/amd64/libjavafx_font_freetype.so
7fcce4d64000-7fcce4f63000 ---p 00005000 08:04 1576678                    /usr/lib/jvm/jdk1.8.0_45/jre/lib/amd64/libjavafx_font_freetype.so
7fcce4f63000-7fcce4f64000 r--p 00004000 08:04 1576678                    /usr/lib/jvm/jdk1.8.0_45/jre/lib/amd64/libjavafx_font_freetype.so
7fcce4f64000-7fcce4f65000 rw-p 00005000 08:04 1576678                    /usr/lib/jvm/jdk1.8.0_45/jre/lib/amd64/libjavafx_font_freetype.so
7fcce4f65000-7fcce4f68000 r-xp 00000000 08:04 1576656                    /usr/lib/jvm/jdk1.8.0_45/jre/lib/amd64/libjavafx_font.so
7fcce4f68000-7fcce5167000 ---p 00003000 08:04 1576656                    /usr/lib/jvm/jdk1.8.0_45/jre/lib/amd64/libjavafx_font.so
7fcce5167000-7fcce5168000 r--p 00002000 08:04 1576656                    /usr/lib/jvm/jdk1.8.0_45/jre/lib/amd64/libjavafx_font.so
7fcce5168000-7fcce5169000 rw-p 00003000 08:04 1576656                    /usr/lib/jvm/jdk1.8.0_45/jre/lib/amd64/libjavafx_font.so
7fcce5169000-7fcce516c000 ---p 00000000 00:00 0 
7fcce516c000-7fcce526a000 rw-p 00000000 00:00 0                          [stack:15099]
7fcce526a000-7fcce526d000 ---p 00000000 00:00 0 
7fcce526d000-7fcce536b000 rw-p 00000000 00:00 0                          [stack:15098]
7fcce536b000-7fcce539a000 r-xp 00000000 08:04 1838753                    /usr/lib/x86_64-linux-gnu/gtk-2.0/2.10.0/engines/libmurrine.so
7fcce539a000-7fcce559a000 ---p 0002f000 08:04 1838753                    /usr/lib/x86_64-linux-gnu/gtk-2.0/2.10.0/engines/libmurrine.so
7fcce559a000-7fcce559b000 r--p 0002f000 08:04 1838753                    /usr/lib/x86_64-linux-gnu/gtk-2.0/2.10.0/engines/libmurrine.so
7fcce559b000-7fcce559c000 rw-p 00030000 08:04 1838753                    /usr/lib/x86_64-linux-gnu/gtk-2.0/2.10.0/engines/libmurrine.so
7fcce559c000-7fcce55a5000 r-xp 00000000 08:04 1837500                    /usr/lib/x86_64-linux-gnu/gtk-2.0/2.10.0/engines/libpixmap.so
7fcce55a5000-7fcce57a5000 ---p 00009000 08:04 1837500                    /usr/lib/x86_64-linux-gnu/gtk-2.0/2.10.0/engines/libpixmap.so
7fcce57a5000-7fcce57a6000 r--p 00009000 08:04 1837500                    /usr/lib/x86_64-linux-gnu/gtk-2.0/2.10.0/engines/libpixmap.so
7fcce57a6000-7fcce57a7000 rw-p 0000a000 08:04 1837500                    /usr/lib/x86_64-linux-gnu/gtk-2.0/2.10.0/engines/libpixmap.so
7fcce57a7000-7fcce57d2000 r-xp 00000000 08:04 1576685                    /usr/lib/jvm/jdk1.8.0_45/jre/lib/amd64/libglass.so
7fcce57d2000-7fcce59d1000 ---p 0002b000 08:04 1576685                    /usr/lib/jvm/jdk1.8.0_45/jre/lib/amd64/libglass.so
7fcce59d1000-7fcce59d3000 r--p 0002a000 08:04 1576685                    /usr/lib/jvm/jdk1.8.0_45/jre/lib/amd64/libglass.so
7fcce59d3000-7fcce59d4000 rw-p 0002c000 08:04 1576685                    /usr/lib/jvm/jdk1.8.0_45/jre/lib/amd64/libglass.so
7fcce59d4000-7fcce59d5000 rw-p 00000000 00:00 0 
7fcce59d5000-7fcce59dd000 r-xp 00000000 08:04 1319123                    /usr/lib/x86_64-linux-gnu/libpciaccess.so.0.11.1
7fcce59dd000-7fcce5bdc000 ---p 00008000 08:04 1319123                    /usr/lib/x86_64-linux-gnu/libpciaccess.so.0.11.1
7fcce5bdc000-7fcce5bdd000 r--p 00007000 08:04 1319123                    /usr/lib/x86_64-linux-gnu/libpciaccess.so.0.11.1
7fcce5bdd000-7fcce5bde000 rw-p 00008000 08:04 1319123                    /usr/lib/x86_64-linux-gnu/libpciaccess.so.0.11.1
7fcce5bde000-7fcce5bea000 r-xp 00000000 08:04 1312818                    /usr/lib/x86_64-linux-gnu/libdrm_radeon.so.1.0.1
7fcce5bea000-7fcce5de9000 ---p 0000c000 08:04 1312818                    /usr/lib/x86_64-linux-gnu/libdrm_radeon.so.1.0.1
7fcce5de9000-7fcce5dea000 r--p 0000b000 08:04 1312818                    /usr/lib/x86_64-linux-gnu/libdrm_radeon.so.1.0.1
7fcce5dea000-7fcce5deb000 rw-p 0000c000 08:04 1312818                    /usr/lib/x86_64-linux-gnu/libdrm_radeon.so.1.0.1
7fcce5deb000-7fcce5df1000 r-xp 00000000 08:04 1312637                    /usr/lib/x86_64-linux-gnu/libdrm_nouveau.so.2.0.0
7fcce5df1000-7fcce5ff0000 ---p 00006000 08:04 1312637                    /usr/lib/x86_64-linux-gnu/libdrm_nouveau.so.2.0.0
7fcce5ff0000-7fcce5ff1000 r--p 00005000 08:04 1312637                    /usr/lib/x86_64-linux-gnu/libdrm_nouveau.so.2.0.0
7fcce5ff1000-7fcce5ff2000 rw-p 00006000 08:04 1312637                    /usr/lib/x86_64-linux-gnu/libdrm_nouveau.so.2.0.0
7fcce5ff2000-7fcce6011000 r-xp 00000000 08:04 1311711                    /usr/lib/x86_64-linux-gnu/libdrm_intel.so.1.0.0
7fcce6011000-7fcce6210000 ---p 0001f000 08:04 1311711                    /usr/lib/x86_64-linux-gnu/libdrm_intel.so.1.0.0
7fcce6210000-7fcce6211000 r--p 0001e000 08:04 1311711                    /usr/lib/x86_64-linux-gnu/libdrm_intel.so.1.0.0
7fcce6211000-7fcce6212000 rw-p 0001f000 08:04 1311711                    /usr/lib/x86_64-linux-gnu/libdrm_intel.so.1.0.0
7fcce6212000-7fcce6701000 r-xp 00000000 08:04 1837774                    /usr/lib/x86_64-linux-gnu/dri/i965_dri.so
7fcce6701000-7fcce6900000 ---p 004ef000 08:04 1837774                    /usr/lib/x86_64-linux-gnu/dri/i965_dri.so
7fcce6900000-7fcce6917000 r--p 004ee000 08:04 1837774                    /usr/lib/x86_64-linux-gnu/dri/i965_dri.so
7fcce6917000-7fcce6923000 rw-p 00505000 08:04 1837774                    /usr/lib/x86_64-linux-gnu/dri/i965_dri.so
7fcce6923000-7fcce696f000 rw-p 00000000 00:00 0 
7fcce696f000-7fcce69b3000 r-xp 00000000 08:04 7734293                    /lib/x86_64-linux-gnu/libdbus-1.so.3.7.6
7fcce69b3000-7fcce6bb2000 ---p 00044000 08:04 7734293                    /lib/x86_64-linux-gnu/libdbus-1.so.3.7.6
7fcce6bb2000-7fcce6bb3000 r--p 00043000 08:04 7734293                    /lib/x86_64-linux-gnu/libdbus-1.so.3.7.6
7fcce6bb3000-7fcce6bb4000 rw-p 00044000 08:04 7734293                    /lib/x86_64-linux-gnu/libdbus-1.so.3.7.6
7fcce6bb4000-7fcce6bbc000 r-xp 00000000 08:04 7737434                    /lib/x86_64-linux-gnu/libnih-dbus.so.1.0.0
7fcce6bbc000-7fcce6dbc000 ---p 00008000 08:04 7737434                    /lib/x86_64-linux-gnu/libnih-dbus.so.1.0.0
7fcce6dbc000-7fcce6dbd000 r--p 00008000 08:04 7737434                    /lib/x86_64-linux-gnu/libnih-dbus.so.1.0.0
7fcce6dbd000-7fcce6dbe000 rw-p 00009000 08:04 7737434                    /lib/x86_64-linux-gnu/libnih-dbus.so.1.0.0
7fcce6dbe000-7fcce6dd5000 r-xp 00000000 08:04 7737436                    /lib/x86_64-linux-gnu/libnih.so.1.0.0
7fcce6dd5000-7fcce6fd4000 ---p 00017000 08:04 7737436                    /lib/x86_64-linux-gnu/libnih.so.1.0.0
7fcce6fd4000-7fcce6fd5000 r--p 00016000 08:04 7737436                    /lib/x86_64-linux-gnu/libnih.so.1.0.0
7fcce6fd5000-7fcce6fd6000 rw-p 00017000 08:04 7737436                    /lib/x86_64-linux-gnu/libnih.so.1.0.0
7fcce6fd6000-7fcce6fef000 r-xp 00000000 08:04 7734300                    /lib/x86_64-linux-gnu/libcgmanager.so.0.0.0
7fcce6fef000-7fcce71ee000 ---p 00019000 08:04 7734300                    /lib/x86_64-linux-gnu/libcgmanager.so.0.0.0
7fcce71ee000-7fcce71f0000 r--p 00018000 08:04 7734300                    /lib/x86_64-linux-gnu/libcgmanager.so.0.0.0
7fcce71f0000-7fcce71f1000 rw-p 0001a000 08:04 7734300                    /lib/x86_64-linux-gnu/libcgmanager.so.0.0.0
7fcce71f1000-7fcce7201000 r-xp 00000000 08:04 7734442                    /lib/x86_64-linux-gnu/libudev.so.1.3.5
7fcce7201000-7fcce7400000 ---p 00010000 08:04 7734442                    /lib/x86_64-linux-gnu/libudev.so.1.3.5
7fcce7400000-7fcce7401000 r--p 0000f000 08:04 7734442                    /lib/x86_64-linux-gnu/libudev.so.1.3.5
7fcce7401000-7fcce7402000 rw-p 00010000 08:04 7734442                    /lib/x86_64-linux-gnu/libudev.so.1.3.5
7fcce7402000-7fcce7408000 r-xp 00000000 08:04 1318462                    /usr/lib/x86_64-linux-gnu/libdatrie.so.1.3.1
7fcce7408000-7fcce7607000 ---p 00006000 08:04 1318462                    /usr/lib/x86_64-linux-gnu/libdatrie.so.1.3.1
7fcce7607000-7fcce7608000 r--p 00005000 08:04 1318462                    /usr/lib/x86_64-linux-gnu/libdatrie.so.1.3.1
7fcce7608000-7fcce7609000 rw-p 00006000 08:04 1318462                    /usr/lib/x86_64-linux-gnu/libdatrie.so.1.3.1
7fcce7609000-7fcce760e000 r-xp 00000000 08:04 1318257                    /usr/lib/x86_64-linux-gnu/libXdmcp.so.6.0.0
7fcce760e000-7fcce780d000 ---p 00005000 08:04 1318257                    /usr/lib/x86_64-linux-gnu/libXdmcp.so.6.0.0
7fcce780d000-7fcce780e000 r--p 00004000 08:04 1318257                    /usr/lib/x86_64-linux-gnu/libXdmcp.so.6.0.0
7fcce780e000-7fcce780f000 rw-p 00005000 08:04 1318257                    /usr/lib/x86_64-linux-gnu/libXdmcp.so.6.0.0
7fcce780f000-7fcce7811000 r-xp 00000000 08:04 1318246                    /usr/lib/x86_64-linux-gnu/libXau.so.6.0.0
7fcce7811000-7fcce7a11000 ---p 00002000 08:04 1318246                    /usr/lib/x86_64-linux-gnu/libXau.so.6.0.0
7fcce7a11000-7fcce7a12000 r--p 00002000 08:04 1318246                    /usr/lib/x86_64-linux-gnu/libXau.so.6.0.0
7fcce7a12000-7fcce7a13000 rw-p 00003000 08:04 1318246                    /usr/lib/x86_64-linux-gnu/libXau.so.6.0.0
7fcce7a13000-7fcce7a2d000 r-xp 00000000 08:04 1318735                    /usr/lib/x86_64-linux-gnu/libgraphite2.so.3.0.1
7fcce7a2d000-7fcce7c2c000 ---p 0001a000 08:04 1318735                    /usr/lib/x86_64-linux-gnu/libgraphite2.so.3.0.1
7fcce7c2c000-7fcce7c2e000 r--p 00019000 08:04 1318735                    /usr/lib/x86_64-linux-gnu/libgraphite2.so.3.0.1
7fcce7c2e000-7fcce7c2f000 rw-p 0001b000 08:04 1318735                    /usr/lib/x86_64-linux-gnu/libgraphite2.so.3.0.1
7fcce7c2f000-7fcce7c3a000 r-xp 00000000 08:04 1314141                    /usr/lib/x86_64-linux-gnu/libdrm.so.2.4.0
7fcce7c3a000-7fcce7e39000 ---p 0000b000 08:04 1314141                    /usr/lib/x86_64-linux-gnu/libdrm.so.2.4.0
7fcce7e39000-7fcce7e3a000 r--p 0000a000 08:04 1314141                    /usr/lib/x86_64-linux-gnu/libdrm.so.2.4.0
7fcce7e3a000-7fcce7e3b000 rw-p 0000b000 08:04 1314141                    /usr/lib/x86_64-linux-gnu/libdrm.so.2.4.0
7fcce7e3b000-7fcce7e3c000 r-xp 00000000 08:04 1319437                    /usr/lib/x86_64-linux-gnu/libxshmfence.so.1.0.0
7fcce7e3c000-7fcce803b000 ---p 00001000 08:04 1319437                    /usr/lib/x86_64-linux-gnu/libxshmfence.so.1.0.0
7fcce803b000-7fcce803c000 r--p 00000000 08:04 1319437                    /usr/lib/x86_64-linux-gnu/libxshmfence.so.1.0.0
7fcce803c000-7fcce803d000 rw-p 00001000 08:04 1319437                    /usr/lib/x86_64-linux-gnu/libxshmfence.so.1.0.0
7fcce803d000-7fcce8042000 r-xp 00000000 08:04 1319417                    /usr/lib/x86_64-linux-gnu/libxcb-sync.so.1.0.0
7fcce8042000-7fcce8241000 ---p 00005000 08:04 1319417                    /usr/lib/x86_64-linux-gnu/libxcb-sync.so.1.0.0
7fcce8241000-7fcce8242000 r--p 00004000 08:04 1319417                    /usr/lib/x86_64-linux-gnu/libxcb-sync.so.1.0.0
7fcce8242000-7fcce8243000 rw-p 00005000 08:04 1319417                    /usr/lib/x86_64-linux-gnu/libxcb-sync.so.1.0.0
7fcce8243000-7fcce8245000 r-xp 00000000 08:04 1319405                    /usr/lib/x86_64-linux-gnu/libxcb-present.so.0.0.0
7fcce8245000-7fcce8444000 ---p 00002000 08:04 1319405                    /usr/lib/x86_64-linux-gnu/libxcb-present.so.0.0.0
7fcce8444000-7fcce8445000 r--p 00001000 08:04 1319405                    /usr/lib/x86_64-linux-gnu/libxcb-present.so.0.0.0
7fcce8445000-7fcce8446000 rw-p 00002000 08:04 1319405                    /usr/lib/x86_64-linux-gnu/libxcb-present.so.0.0.0
7fcce8446000-7fcce8448000 r-xp 00000000 08:04 1319395                    /usr/lib/x86_64-linux-gnu/libxcb-dri3.so.0.0.0
7fcce8448000-7fcce8647000 ---p 00002000 08:04 1319395                    /usr/lib/x86_64-linux-gnu/libxcb-dri3.so.0.0.0
7fcce8647000-7fcce8648000 r--p 00001000 08:04 1319395                    /usr/lib/x86_64-linux-gnu/libxcb-dri3.so.0.0.0
7fcce8648000-7fcce8649000 rw-p 00002000 08:04 1319395                    /usr/lib/x86_64-linux-gnu/libxcb-dri3.so.0.0.0
7fcce8649000-7fcce864c000 r-xp 00000000 08:04 1319393                    /usr/lib/x86_64-linux-gnu/libxcb-dri2.so.0.0.0
7fcce864c000-7fcce884c000 ---p 00003000 08:04 1319393                    /usr/lib/x86_64-linux-gnu/libxcb-dri2.so.0.0.0
7fcce884c000-7fcce884d000 r--p 00003000 08:04 1319393                    /usr/lib/x86_64-linux-gnu/libxcb-dri2.so.0.0.0
7fcce884d000-7fcce884e000 rw-p 00004000 08:04 1319393                    /usr/lib/x86_64-linux-gnu/libxcb-dri2.so.0.0.0
7fcce884e000-7fcce8863000 r-xp 00000000 08:04 1319397                    /usr/lib/x86_64-linux-gnu/libxcb-glx.so.0.0.0
7fcce8863000-7fcce8a62000 ---p 00015000 08:04 1319397                    /usr/lib/x86_64-linux-gnu/libxcb-glx.so.0.0.0
7fcce8a62000-7fcce8a64000 r--p 00014000 08:04 1319397                    /usr/lib/x86_64-linux-gnu/libxcb-glx.so.0.0.0
7fcce8a64000-7fcce8a65000 rw-p 00016000 08:04 1319397                    /usr/lib/x86_64-linux-gnu/libxcb-glx.so.0.0.0
7fcce8a65000-7fcce8a66000 r-xp 00000000 08:04 1318240                    /usr/lib/x86_64-linux-gnu/libX11-xcb.so.1.0.0
7fcce8a66000-7fcce8c65000 ---p 00001000 08:04 1318240                    /usr/lib/x86_64-linux-gnu/libX11-xcb.so.1.0.0
7fcce8c65000-7fcce8c66000 r--p 00000000 08:04 1318240                    /usr/lib/x86_64-linux-gnu/libX11-xcb.so.1.0.0
7fcce8c66000-7fcce8c67000 rw-p 00001000 08:04 1318240                    /usr/lib/x86_64-linux-gnu/libX11-xcb.so.1.0.0
7fcce8c67000-7fcce8c89000 r-xp 00000000 08:04 1312706                    /usr/lib/x86_64-linux-gnu/libglapi.so.0.0.0
7fcce8c89000-7fcce8e89000 ---p 00022000 08:04 1312706                    /usr/lib/x86_64-linux-gnu/libglapi.so.0.0.0
7fcce8e89000-7fcce8e8c000 r--p 00022000 08:04 1312706                    /usr/lib/x86_64-linux-gnu/libglapi.so.0.0.0
7fcce8e8c000-7fcce8e8d000 rw-p 00025000 08:04 1312706                    /usr/lib/x86_64-linux-gnu/libglapi.so.0.0.0
7fcce8e8d000-7fcce8e8e000 rw-p 00000000 00:00 0 
7fcce8e8e000-7fcce8ecb000 r-xp 00000000 08:04 7737475                    /lib/x86_64-linux-gnu/libpcre.so.3.13.1
7fcce8ecb000-7fcce90ca000 ---p 0003d000 08:04 7737475                    /lib/x86_64-linux-gnu/libpcre.so.3.13.1
7fcce90ca000-7fcce90cb000 r--p 0003c000 08:04 7737475                    /lib/x86_64-linux-gnu/libpcre.so.3.13.1
7fcce90cb000-7fcce90cc000 rw-p 0003d000 08:04 7737475                    /lib/x86_64-linux-gnu/libpcre.so.3.13.1
7fcce90cc000-7fcce90d3000 r-xp 00000000 08:04 1318559                    /usr/lib/x86_64-linux-gnu/libffi.so.6.0.1
7fcce90d3000-7fcce92d2000 ---p 00007000 08:04 1318559                    /usr/lib/x86_64-linux-gnu/libffi.so.6.0.1
7fcce92d2000-7fcce92d3000 r--p 00006000 08:04 1318559                    /usr/lib/x86_64-linux-gnu/libffi.so.6.0.1
7fcce92d3000-7fcce92d4000 rw-p 00007000 08:04 1318559                    /usr/lib/x86_64-linux-gnu/libffi.so.6.0.1
7fcce92d4000-7fcce92fb000 r-xp 00000000 08:04 7737393                    /lib/x86_64-linux-gnu/libexpat.so.1.6.0
7fcce92fb000-7fcce94fb000 ---p 00027000 08:04 7737393                    /lib/x86_64-linux-gnu/libexpat.so.1.6.0
7fcce94fb000-7fcce94fd000 r--p 00027000 08:04 7737393                    /lib/x86_64-linux-gnu/libexpat.so.1.6.0
7fcce94fd000-7fcce94fe000 rw-p 00029000 08:04 7737393                    /lib/x86_64-linux-gnu/libexpat.so.1.6.0
7fcce94fe000-7fcce9506000 r-xp 00000000 08:04 1319290                    /usr/lib/x86_64-linux-gnu/libthai.so.0.2.0
7fcce9506000-7fcce9705000 ---p 00008000 08:04 1319290                    /usr/lib/x86_64-linux-gnu/libthai.so.0.2.0
7fcce9705000-7fcce9706000 r--p 00007000 08:04 1319290                    /usr/lib/x86_64-linux-gnu/libthai.so.0.2.0
7fcce9706000-7fcce9707000 rw-p 00008000 08:04 1319290                    /usr/lib/x86_64-linux-gnu/libthai.so.0.2.0
7fcce9707000-7fcce9724000 r-xp 00000000 08:04 1319429                    /usr/lib/x86_64-linux-gnu/libxcb.so.1.1.0
7fcce9724000-7fcce9924000 ---p 0001d000 08:04 1319429                    /usr/lib/x86_64-linux-gnu/libxcb.so.1.1.0
7fcce9924000-7fcce9925000 r--p 0001d000 08:04 1319429                    /usr/lib/x86_64-linux-gnu/libxcb.so.1.1.0
7fcce9925000-7fcce9926000 rw-p 0001e000 08:04 1319429                    /usr/lib/x86_64-linux-gnu/libxcb.so.1.1.0
7fcce9926000-7fcce992e000 r-xp 00000000 08:04 1319411                    /usr/lib/x86_64-linux-gnu/libxcb-render.so.0.0.0
7fcce992e000-7fcce9b2d000 ---p 00008000 08:04 1319411                    /usr/lib/x86_64-linux-gnu/libxcb-render.so.0.0.0
7fcce9b2d000-7fcce9b2e000 r--p 00007000 08:04 1319411                    /usr/lib/x86_64-linux-gnu/libxcb-render.so.0.0.0
7fcce9b2e000-7fcce9b2f000 rw-p 00008000 08:04 1319411                    /usr/lib/x86_64-linux-gnu/libxcb-render.so.0.0.0
7fcce9b2f000-7fcce9b31000 r-xp 00000000 08:04 1319415                    /usr/lib/x86_64-linux-gnu/libxcb-shm.so.0.0.0
7fcce9b31000-7fcce9d30000 ---p 00002000 08:04 1319415                    /usr/lib/x86_64-linux-gnu/libxcb-shm.so.0.0.0
7fcce9d30000-7fcce9d31000 r--p 00001000 08:04 1319415                    /usr/lib/x86_64-linux-gnu/libxcb-shm.so.0.0.0
7fcce9d31000-7fcce9d32000 rw-p 00002000 08:04 1319415                    /usr/lib/x86_64-linux-gnu/libxcb-shm.so.0.0.0
7fcce9d32000-7fcce9d57000 r-xp 00000000 08:04 7737487                    /lib/x86_64-linux-gnu/libpng12.so.0.50.0
7fcce9d57000-7fcce9f56000 ---p 00025000 08:04 7737487                    /lib/x86_64-linux-gnu/libpng12.so.0.50.0
7fcce9f56000-7fcce9f57000 r--p 00024000 08:04 7737487                    /lib/x86_64-linux-gnu/libpng12.so.0.50.0
7fcce9f57000-7fcce9f58000 rw-p 00025000 08:04 7737487                    /lib/x86_64-linux-gnu/libpng12.so.0.50.0
7fcce9f58000-7fcce9ff9000 r-xp 00000000 08:04 1319130                    /usr/lib/x86_64-linux-gnu/libpixman-1.so.0.30.2
7fcce9ff9000-7fccea1f9000 ---p 000a1000 08:04 1319130                    /usr/lib/x86_64-linux-gnu/libpixman-1.so.0.30.2
7fccea1f9000-7fccea200000 r--p 000a1000 08:04 1319130                    /usr/lib/x86_64-linux-gnu/libpixman-1.so.0.30.2
7fccea200000-7fccea201000 rw-p 000a8000 08:04 1319130                    /usr/lib/x86_64-linux-gnu/libpixman-1.so.0.30.2
7fccea201000-7fccea254000 r-xp 00000000 08:04 1312797                    /usr/lib/x86_64-linux-gnu/libharfbuzz.so.0.927.0
7fccea254000-7fccea454000 ---p 00053000 08:04 1312797                    /usr/lib/x86_64-linux-gnu/libharfbuzz.so.0.927.0
7fccea454000-7fccea455000 r--p 00053000 08:04 1312797                    /usr/lib/x86_64-linux-gnu/libharfbuzz.so.0.927.0
7fccea455000-7fccea456000 rw-p 00054000 08:04 1312797                    /usr/lib/x86_64-linux-gnu/libharfbuzz.so.0.927.0
7fccea456000-7fccea46d000 r-xp 00000000 08:04 7734215                    /lib/x86_64-linux-gnu/libresolv-2.19.so
7fccea46d000-7fccea66d000 ---p 00017000 08:04 7734215                    /lib/x86_64-linux-gnu/libresolv-2.19.so
7fccea66d000-7fccea66e000 r--p 00017000 08:04 7734215                    /lib/x86_64-linux-gnu/libresolv-2.19.so
7fccea66e000-7fccea66f000 rw-p 00018000 08:04 7734215                    /lib/x86_64-linux-gnu/libresolv-2.19.so
7fccea66f000-7fccea671000 rw-p 00000000 00:00 0 
7fccea671000-7fccea691000 r-xp 00000000 08:04 7734256                    /lib/x86_64-linux-gnu/libselinux.so.1
7fccea691000-7fccea890000 ---p 00020000 08:04 7734256                    /lib/x86_64-linux-gnu/libselinux.so.1
7fccea890000-7fccea891000 r--p 0001f000 08:04 7734256                    /lib/x86_64-linux-gnu/libselinux.so.1
7fccea891000-7fccea892000 rw-p 00020000 08:04 7734256                    /lib/x86_64-linux-gnu/libselinux.so.1
7fccea892000-7fccea894000 rw-p 00000000 00:00 0 
7fccea894000-7fccea8ac000 r-xp 00000000 08:04 7737535                    /lib/x86_64-linux-gnu/libz.so.1.2.8
7fccea8ac000-7fcceaaab000 ---p 00018000 08:04 7737535                    /lib/x86_64-linux-gnu/libz.so.1.2.8
7fcceaaab000-7fcceaaac000 r--p 00017000 08:04 7737535                    /lib/x86_64-linux-gnu/libz.so.1.2.8
7fcceaaac000-7fcceaaad000 rw-p 00018000 08:04 7737535                    /lib/x86_64-linux-gnu/libz.so.1.2.8
7fcceaaad000-7fcceaabe000 r-xp 00000000 08:04 1311282                    /usr/lib/x86_64-linux-gnu/libXext.so.6.4.0
7fcceaabe000-7fcceacbd000 ---p 00011000 08:04 1311282                    /usr/lib/x86_64-linux-gnu/libXext.so.6.4.0
7fcceacbd000-7fcceacbe000 r--p 00010000 08:04 1311282                    /usr/lib/x86_64-linux-gnu/libXext.so.6.4.0
7fcceacbe000-7fcceacbf000 rw-p 00011000 08:04 1311282                    /usr/lib/x86_64-linux-gnu/libXext.so.6.4.0
7fcceacbf000-7fcceacc1000 r-xp 00000000 08:04 1318255                    /usr/lib/x86_64-linux-gnu/libXdamage.so.1.1.0
7fcceacc1000-7fcceaec0000 ---p 00002000 08:04 1318255                    /usr/lib/x86_64-linux-gnu/libXdamage.so.1.1.0
7fcceaec0000-7fcceaec1000 r--p 00001000 08:04 1318255                    /usr/lib/x86_64-linux-gnu/libXdamage.so.1.1.0
7fcceaec1000-7fcceaec2000 rw-p 00002000 08:04 1318255                    /usr/lib/x86_64-linux-gnu/libXdamage.so.1.1.0
7fcceaec2000-7fcceaec4000 r-xp 00000000 08:04 1318251                    /usr/lib/x86_64-linux-gnu/libXcomposite.so.1.0.0
7fcceaec4000-7fcceb0c3000 ---p 00002000 08:04 1318251                    /usr/lib/x86_64-linux-gnu/libXcomposite.so.1.0.0
7fcceb0c3000-7fcceb0c4000 r--p 00001000 08:04 1318251                    /usr/lib/x86_64-linux-gnu/libXcomposite.so.1.0.0
7fcceb0c4000-7fcceb0c5000 rw-p 00002000 08:04 1318251                    /usr/lib/x86_64-linux-gnu/libXcomposite.so.1.0.0
7fcceb0c5000-7fcceb0ce000 r-xp 00000000 08:04 1318253                    /usr/lib/x86_64-linux-gnu/libXcursor.so.1.0.2
7fcceb0ce000-7fcceb2cd000 ---p 00009000 08:04 1318253                    /usr/lib/x86_64-linux-gnu/libXcursor.so.1.0.2
7fcceb2cd000-7fcceb2ce000 r--p 00008000 08:04 1318253                    /usr/lib/x86_64-linux-gnu/libXcursor.so.1.0.2
7fcceb2ce000-7fcceb2cf000 rw-p 00009000 08:04 1318253                    /usr/lib/x86_64-linux-gnu/libXcursor.so.1.0.2
7fcceb2cf000-7fcceb2d8000 r-xp 00000000 08:04 1318277                    /usr/lib/x86_64-linux-gnu/libXrandr.so.2.2.0
7fcceb2d8000-7fcceb4d7000 ---p 00009000 08:04 1318277                    /usr/lib/x86_64-linux-gnu/libXrandr.so.2.2.0
7fcceb4d7000-7fcceb4d8000 r--p 00008000 08:04 1318277                    /usr/lib/x86_64-linux-gnu/libXrandr.so.2.2.0
7fcceb4d8000-7fcceb4d9000 rw-p 00009000 08:04 1318277                    /usr/lib/x86_64-linux-gnu/libXrandr.so.2.2.0
7fcceb4d9000-7fcceb4e8000 r-xp 00000000 08:04 1313650                    /usr/lib/x86_64-linux-gnu/libXi.so.6.1.0
7fcceb4e8000-7fcceb6e7000 ---p 0000f000 08:04 1313650                    /usr/lib/x86_64-linux-gnu/libXi.so.6.1.0
7fcceb6e7000-7fcceb6e8000 r--p 0000e000 08:04 1313650                    /usr/lib/x86_64-linux-gnu/libXi.so.6.1.0
7fcceb6e8000-7fcceb6e9000 rw-p 0000f000 08:04 1313650                    /usr/lib/x86_64-linux-gnu/libXi.so.6.1.0
7fcceb6e9000-7fcceb6eb000 r-xp 00000000 08:04 1318269                    /usr/lib/x86_64-linux-gnu/libXinerama.so.1.0.0
7fcceb6eb000-7fcceb8ea000 ---p 00002000 08:04 1318269                    /usr/lib/x86_64-linux-gnu/libXinerama.so.1.0.0
7fcceb8ea000-7fcceb8eb000 r--p 00001000 08:04 1318269                    /usr/lib/x86_64-linux-gnu/libXinerama.so.1.0.0
7fcceb8eb000-7fcceb8ec000 rw-p 00002000 08:04 1318269                    /usr/lib/x86_64-linux-gnu/libXinerama.so.1.0.0
7fcceb8ec000-7fcceb8f5000 r-xp 00000000 08:04 1311732                    /usr/lib/x86_64-linux-gnu/libXrender.so.1.3.0
7fcceb8f5000-7fccebaf4000 ---p 00009000 08:04 1311732                    /usr/lib/x86_64-linux-gnu/libXrender.so.1.3.0
7fccebaf4000-7fccebaf5000 r--p 00008000 08:04 1311732                    /usr/lib/x86_64-linux-gnu/libXrender.so.1.3.0
7fccebaf5000-7fccebaf6000 rw-p 00009000 08:04 1311732                    /usr/lib/x86_64-linux-gnu/libXrender.so.1.3.0
7fccebaf6000-7fccebafb000 r-xp 00000000 08:04 1314541                    /usr/lib/x86_64-linux-gnu/libXfixes.so.3.1.0
7fccebafb000-7fccebcfa000 ---p 00005000 08:04 1314541                    /usr/lib/x86_64-linux-gnu/libXfixes.so.3.1.0
7fccebcfa000-7fccebcfb000 r--p 00004000 08:04 1314541                    /usr/lib/x86_64-linux-gnu/libXfixes.so.3.1.0
7fccebcfb000-7fccebcfc000 rw-p 00005000 08:04 1314541                    /usr/lib/x86_64-linux-gnu/libXfixes.so.3.1.0
7fccebcfc000-7fccebde2000 r-xp 00000000 08:04 1319270                    /usr/lib/x86_64-linux-gnu/libstdc++.so.6.0.19
7fccebde2000-7fccebfe1000 ---p 000e6000 08:04 1319270                    /usr/lib/x86_64-linux-gnu/libstdc++.so.6.0.19
7fccebfe1000-7fccebfe9000 r--p 000e5000 08:04 1319270                    /usr/lib/x86_64-linux-gnu/libstdc++.so.6.0.19
7fccebfe9000-7fccebfeb000 rw-p 000ed000 08:04 1319270                    /usr/lib/x86_64-linux-gnu/libstdc++.so.6.0.19
7fccebfeb000-7fccec000000 rw-p 00000000 00:00 0 
7fccec000000-7fccec2b3000 rw-p 00000000 00:00 0 
7fccec2b3000-7fccf0000000 ---p 00000000 00:00 0 
7fccf0000000-7fccf1e47000 rw-p 00000000 00:00 0 
7fccf1e47000-7fccf4000000 ---p 00000000 00:00 0 
7fccf4000000-7fccf4021000 rw-p 00000000 00:00 0 
7fccf4021000-7fccf8000000 ---p 00000000 00:00 0 
7fccf8000000-7fccf8028000 rw-p 00000000 00:00 0 
7fccf8028000-7fccfc000000 ---p 00000000 00:00 0 
7fccfc000000-7fccfc38c000 rw-p 00000000 00:00 0 
7fccfc38c000-7fcd00000000 ---p 00000000 00:00 0 
7fcd00000000-7fcd00021000 rw-p 00000000 00:00 0 
7fcd00021000-7fcd04000000 ---p 00000000 00:00 0 
7fcd04000000-7fcd04470000 rw-p 00000000 00:00 0 
7fcd04470000-7fcd08000000 ---p 00000000 00:00 0 
7fcd08000000-7fcd08188000 rw-p 00000000 00:00 0 
7fcd08188000-7fcd0c000000 ---p 00000000 00:00 0 
7fcd0c000000-7fcd0c021000 rw-p 00000000 00:00 0 
7fcd0c021000-7fcd10000000 ---p 00000000 00:00 0 
7fcd10000000-7fcd102b9000 rw-p 00000000 00:00 0 
7fcd102b9000-7fcd14000000 ---p 00000000 00:00 0 
7fcd14000000-7fcd14021000 rw-p 00000000 00:00 0 
7fcd14021000-7fcd18000000 ---p 00000000 00:00 0 
7fcd18000000-7fcd18021000 rw-p 00000000 00:00 0 
7fcd18021000-7fcd1c000000 ---p 00000000 00:00 0 
7fcd1c000000-7fcd1c021000 rw-p 00000000 00:00 0 
7fcd1c021000-7fcd20000000 ---p 00000000 00:00 0 
7fcd20000000-7fcd20021000 rw-p 00000000 00:00 0 
7fcd20021000-7fcd24000000 ---p 00000000 00:00 0 
7fcd24000000-7fcd24021000 rw-p 00000000 00:00 0 
7fcd24021000-7fcd28000000 ---p 00000000 00:00 0 
7fcd28000000-7fcd28001000 r--s 00000000 08:04 11282914                   /var/cache/fontconfig/0d8c3b2ac0904cb8a57a757ad11a4a08-le64.cache-4
7fcd28001000-7fcd28008000 r--s 00000000 08:04 11282893                   /var/cache/fontconfig/a755afe4a08bf5b97852ceb7400b47bc-le64.cache-4
7fcd28008000-7fcd2801c000 r--s 00000000 08:04 11282663                   /var/cache/fontconfig/04aabc0a78ac019cf9454389977116d2-le64.cache-4
7fcd2801c000-7fcd28020000 r--s 00000000 08:04 11282659                   /var/cache/fontconfig/385c0604a188198f04d133e54aba7fe7-le64.cache-4
7fcd28020000-7fcd28022000 r--s 00000000 08:04 11282657                   /var/cache/fontconfig/767a8244fc0220cfb567a839d0392e0b-le64.cache-4
7fcd28022000-7fcd28027000 r--s 00000000 08:04 11282654                   /var/cache/fontconfig/8801497958630a81b71ace7c5f9b32a8-le64.cache-4
7fcd28027000-7fcd2803d000 r-xp 00000000 08:04 7734247                    /lib/x86_64-linux-gnu/libgcc_s.so.1
7fcd2803d000-7fcd2823c000 ---p 00016000 08:04 7734247                    /lib/x86_64-linux-gnu/libgcc_s.so.1
7fcd2823c000-7fcd2823d000 rw-p 00015000 08:04 7734247                    /lib/x86_64-linux-gnu/libgcc_s.so.1
7fcd2823d000-7fcd2829f000 r-xp 00000000 08:04 1838850                    /usr/lib/x86_64-linux-gnu/mesa/libGL.so.1.2.0
7fcd2829f000-7fcd2849e000 ---p 00062000 08:04 1838850                    /usr/lib/x86_64-linux-gnu/mesa/libGL.so.1.2.0
7fcd2849e000-7fcd284a1000 r--p 00061000 08:04 1838850                    /usr/lib/x86_64-linux-gnu/mesa/libGL.so.1.2.0
7fcd284a1000-7fcd284a2000 rw-p 00064000 08:04 1838850                    /usr/lib/x86_64-linux-gnu/mesa/libGL.so.1.2.0
7fcd284a2000-7fcd284a3000 rw-p 00000000 00:00 0 
7fcd284a3000-7fcd284a7000 r-xp 00000000 08:04 1318295                    /usr/lib/x86_64-linux-gnu/libXxf86vm.so.1.0.0
7fcd284a7000-7fcd286a7000 ---p 00004000 08:04 1318295                    /usr/lib/x86_64-linux-gnu/libXxf86vm.so.1.0.0
7fcd286a7000-7fcd286a8000 r--p 00004000 08:04 1318295                    /usr/lib/x86_64-linux-gnu/libXxf86vm.so.1.0.0
7fcd286a8000-7fcd286a9000 rw-p 00005000 08:04 1318295                    /usr/lib/x86_64-linux-gnu/libXxf86vm.so.1.0.0
7fcd286a9000-7fcd287d9000 r-xp 00000000 08:04 1318242                    /usr/lib/x86_64-linux-gnu/libX11.so.6.3.0
7fcd287d9000-7fcd289d9000 ---p 00130000 08:04 1318242                    /usr/lib/x86_64-linux-gnu/libX11.so.6.3.0
7fcd289d9000-7fcd289da000 r--p 00130000 08:04 1318242                    /usr/lib/x86_64-linux-gnu/libX11.so.6.3.0
7fcd289da000-7fcd289de000 rw-p 00131000 08:04 1318242                    /usr/lib/x86_64-linux-gnu/libX11.so.6.3.0
7fcd289de000-7fcd289e3000 r-xp 00000000 08:04 1318285                    /usr/lib/x86_64-linux-gnu/libXtst.so.6.1.0
7fcd289e3000-7fcd28be2000 ---p 00005000 08:04 1318285                    /usr/lib/x86_64-linux-gnu/libXtst.so.6.1.0
7fcd28be2000-7fcd28be3000 r--p 00004000 08:04 1318285                    /usr/lib/x86_64-linux-gnu/libXtst.so.6.1.0
7fcd28be3000-7fcd28be4000 rw-p 00005000 08:04 1318285                    /usr/lib/x86_64-linux-gnu/libXtst.so.6.1.0
7fcd28be4000-7fcd28cea000 r-xp 00000000 08:04 7734250                    /lib/x86_64-linux-gnu/libglib-2.0.so.0.4002.0
7fcd28cea000-7fcd28ee9000 ---p 00106000 08:04 7734250                    /lib/x86_64-linux-gnu/libglib-2.0.so.0.4002.0
7fcd28ee9000-7fcd28eea000 r--p 00105000 08:04 7734250                    /lib/x86_64-linux-gnu/libglib-2.0.so.0.4002.0
7fcd28eea000-7fcd28eeb000 rw-p 00106000 08:04 7734250                    /lib/x86_64-linux-gnu/libglib-2.0.so.0.4002.0
7fcd28eeb000-7fcd28eec000 rw-p 00000000 00:00 0 
7fcd28eec000-7fcd28eed000 r-xp 00000000 08:04 1314796                    /usr/lib/x86_64-linux-gnu/libgthread-2.0.so.0.4002.0
7fcd28eed000-7fcd290ec000 ---p 00001000 08:04 1314796                    /usr/lib/x86_64-linux-gnu/libgthread-2.0.so.0.4002.0
7fcd290ec000-7fcd290ed000 r--p 00000000 08:04 1314796                    /usr/lib/x86_64-linux-gnu/libgthread-2.0.so.0.4002.0
7fcd290ed000-7fcd290ee000 rw-p 00001000 08:04 1314796                    /usr/lib/x86_64-linux-gnu/libgthread-2.0.so.0.4002.0
7fcd290ee000-7fcd290f1000 r-xp 00000000 08:04 1311231                    /usr/lib/x86_64-linux-gnu/libgmodule-2.0.so.0.4002.0
7fcd290f1000-7fcd292f0000 ---p 00003000 08:04 1311231                    /usr/lib/x86_64-linux-gnu/libgmodule-2.0.so.0.4002.0
7fcd292f0000-7fcd292f1000 r--p 00002000 08:04 1311231                    /usr/lib/x86_64-linux-gnu/libgmodule-2.0.so.0.4002.0
7fcd292f1000-7fcd292f2000 rw-p 00003000 08:04 1311231                    /usr/lib/x86_64-linux-gnu/libgmodule-2.0.so.0.4002.0
7fcd292f2000-7fcd29341000 r-xp 00000000 08:04 1314793                    /usr/lib/x86_64-linux-gnu/libgobject-2.0.so.0.4002.0
7fcd29341000-7fcd29541000 ---p 0004f000 08:04 1314793                    /usr/lib/x86_64-linux-gnu/libgobject-2.0.so.0.4002.0
7fcd29541000-7fcd29542000 r--p 0004f000 08:04 1314793                    /usr/lib/x86_64-linux-gnu/libgobject-2.0.so.0.4002.0
7fcd29542000-7fcd29543000 rw-p 00050000 08:04 1314793                    /usr/lib/x86_64-linux-gnu/libgobject-2.0.so.0.4002.0
7fcd29543000-7fcd2957d000 r-xp 00000000 08:04 1311070                    /usr/lib/x86_64-linux-gnu/libfontconfig.so.1.8.0
7fcd2957d000-7fcd2977c000 ---p 0003a000 08:04 1311070                    /usr/lib/x86_64-linux-gnu/libfontconfig.so.1.8.0
7fcd2977c000-7fcd2977e000 r--p 00039000 08:04 1311070                    /usr/lib/x86_64-linux-gnu/libfontconfig.so.1.8.0
7fcd2977e000-7fcd2977f000 rw-p 0003b000 08:04 1311070                    /usr/lib/x86_64-linux-gnu/libfontconfig.so.1.8.0
7fcd2977f000-7fcd2981c000 r-xp 00000000 08:04 1311100                    /usr/lib/x86_64-linux-gnu/libfreetype.so.6.11.1
7fcd2981c000-7fcd29a1b000 ---p 0009d000 08:04 1311100                    /usr/lib/x86_64-linux-gnu/libfreetype.so.6.11.1
7fcd29a1b000-7fcd29a21000 r--p 0009c000 08:04 1311100                    /usr/lib/x86_64-linux-gnu/libfreetype.so.6.11.1
7fcd29a21000-7fcd29a22000 rw-p 000a2000 08:04 1311100                    /usr/lib/x86_64-linux-gnu/libfreetype.so.6.11.1
7fcd29a22000-7fcd29a6c000 r-xp 00000000 08:04 1314817                    /usr/lib/x86_64-linux-gnu/libpango-1.0.so.0.3600.3
7fcd29a6c000-7fcd29c6c000 ---p 0004a000 08:04 1314817                    /usr/lib/x86_64-linux-gnu/libpango-1.0.so.0.3600.3
7fcd29c6c000-7fcd29c6e000 r--p 0004a000 08:04 1314817                    /usr/lib/x86_64-linux-gnu/libpango-1.0.so.0.3600.3
7fcd29c6e000-7fcd29c6f000 rw-p 0004c000 08:04 1314817                    /usr/lib/x86_64-linux-gnu/libpango-1.0.so.0.3600.3
7fcd29c6f000-7fcd29d75000 r-xp 00000000 08:04 1311801                    /usr/lib/x86_64-linux-gnu/libcairo.so.2.11301.0
7fcd29d75000-7fcd29f74000 ---p 00106000 08:04 1311801                    /usr/lib/x86_64-linux-gnu/libcairo.so.2.11301.0
7fcd29f74000-7fcd29f77000 r--p 00105000 08:04 1311801                    /usr/lib/x86_64-linux-gnu/libcairo.so.2.11301.0
7fcd29f77000-7fcd29f78000 rw-p 00108000 08:04 1311801                    /usr/lib/x86_64-linux-gnu/libcairo.so.2.11301.0
7fcd29f78000-7fcd29f7a000 rw-p 00000000 00:00 0 
7fcd29f7a000-7fcd29f85000 r-xp 00000000 08:04 1311501                    /usr/lib/x86_64-linux-gnu/libpangocairo-1.0.so.0.3600.3
7fcd29f85000-7fcd2a185000 ---p 0000b000 08:04 1311501                    /usr/lib/x86_64-linux-gnu/libpangocairo-1.0.so.0.3600.3
7fcd2a185000-7fcd2a186000 r--p 0000b000 08:04 1311501                    /usr/lib/x86_64-linux-gnu/libpangocairo-1.0.so.0.3600.3
7fcd2a186000-7fcd2a187000 rw-p 0000c000 08:04 1311501                    /usr/lib/x86_64-linux-gnu/libpangocairo-1.0.so.0.3600.3
7fcd2a187000-7fcd2a1a6000 r-xp 00000000 08:04 1318657                    /usr/lib/x86_64-linux-gnu/libgdk_pixbuf-2.0.so.0.3000.7
7fcd2a1a6000-7fcd2a3a6000 ---p 0001f000 08:04 1318657                    /usr/lib/x86_64-linux-gnu/libgdk_pixbuf-2.0.so.0.3000.7
7fcd2a3a6000-7fcd2a3a7000 r--p 0001f000 08:04 1318657                    /usr/lib/x86_64-linux-gnu/libgdk_pixbuf-2.0.so.0.3000.7
7fcd2a3a7000-7fcd2a3a8000 rw-p 00020000 08:04 1318657                    /usr/lib/x86_64-linux-gnu/libgdk_pixbuf-2.0.so.0.3000.7
7fcd2a3a8000-7fcd2a3bc000 r-xp 00000000 08:04 1314825                    /usr/lib/x86_64-linux-gnu/libpangoft2-1.0.so.0.3600.3
7fcd2a3bc000-7fcd2a5bb000 ---p 00014000 08:04 1314825                    /usr/lib/x86_64-linux-gnu/libpangoft2-1.0.so.0.3600.3
7fcd2a5bb000-7fcd2a5bc000 r--p 00013000 08:04 1314825                    /usr/lib/x86_64-linux-gnu/libpangoft2-1.0.so.0.3600.3
7fcd2a5bc000-7fcd2a5bd000 rw-p 00014000 08:04 1314825                    /usr/lib/x86_64-linux-gnu/libpangoft2-1.0.so.0.3600.3
7fcd2a5bd000-7fcd2a729000 r-xp 00000000 08:04 1314798                    /usr/lib/x86_64-linux-gnu/libgio-2.0.so.0.4002.0
7fcd2a729000-7fcd2a928000 ---p 0016c000 08:04 1314798                    /usr/lib/x86_64-linux-gnu/libgio-2.0.so.0.4002.0
7fcd2a928000-7fcd2a92c000 r--p 0016b000 08:04 1314798                    /usr/lib/x86_64-linux-gnu/libgio-2.0.so.0.4002.0
7fcd2a92c000-7fcd2a92e000 rw-p 0016f000 08:04 1314798                    /usr/lib/x86_64-linux-gnu/libgio-2.0.so.0.4002.0
7fcd2a92e000-7fcd2a930000 rw-p 00000000 00:00 0 
7fcd2a930000-7fcd2a94f000 r-xp 00000000 08:04 1318340                    /usr/lib/x86_64-linux-gnu/libatk-1.0.so.0.21009.1
7fcd2a94f000-7fcd2ab4f000 ---p 0001f000 08:04 1318340                    /usr/lib/x86_64-linux-gnu/libatk-1.0.so.0.21009.1
7fcd2ab4f000-7fcd2ab51000 r--p 0001f000 08:04 1318340                    /usr/lib/x86_64-linux-gnu/libatk-1.0.so.0.21009.1
7fcd2ab51000-7fcd2ab52000 rw-p 00021000 08:04 1318340                    /usr/lib/x86_64-linux-gnu/libatk-1.0.so.0.21009.1
7fcd2ab52000-7fcd2abff000 r-xp 00000000 08:04 1312716                    /usr/lib/x86_64-linux-gnu/libgdk-x11-2.0.so.0.2400.23
7fcd2abff000-7fcd2adfe000 ---p 000ad000 08:04 1312716                    /usr/lib/x86_64-linux-gnu/libgdk-x11-2.0.so.0.2400.23
7fcd2adfe000-7fcd2ae02000 r--p 000ac000 08:04 1312716                    /usr/lib/x86_64-linux-gnu/libgdk-x11-2.0.so.0.2400.23
7fcd2ae02000-7fcd2ae04000 rw-p 000b0000 08:04 1312716                    /usr/lib/x86_64-linux-gnu/libgdk-x11-2.0.so.0.2400.23
7fcd2ae04000-7fcd2b233000 r-xp 00000000 08:04 1312717                    /usr/lib/x86_64-linux-gnu/libgtk-x11-2.0.so.0.2400.23
7fcd2b233000-7fcd2b432000 ---p 0042f000 08:04 1312717                    /usr/lib/x86_64-linux-gnu/libgtk-x11-2.0.so.0.2400.23
7fcd2b432000-7fcd2b439000 r--p 0042e000 08:04 1312717                    /usr/lib/x86_64-linux-gnu/libgtk-x11-2.0.so.0.2400.23
7fcd2b439000-7fcd2b43d000 rw-p 00435000 08:04 1312717                    /usr/lib/x86_64-linux-gnu/libgtk-x11-2.0.so.0.2400.23
7fcd2b43d000-7fcd2b440000 rw-p 00000000 00:00 0 
7fcd2b440000-7fcd2b44c000 r-xp 00000000 08:04 1576673                    /usr/lib/jvm/jdk1.8.0_45/jre/lib/amd64/libprism_es2.so
7fcd2b44c000-7fcd2b64b000 ---p 0000c000 08:04 1576673                    /usr/lib/jvm/jdk1.8.0_45/jre/lib/amd64/libprism_es2.so
7fcd2b64b000-7fcd2b64c000 r--p 0000b000 08:04 1576673                    /usr/lib/jvm/jdk1.8.0_45/jre/lib/amd64/libprism_es2.so
7fcd2b64c000-7fcd2b64d000 rw-p 0000c000 08:04 1576673                    /usr/lib/jvm/jdk1.8.0_45/jre/lib/amd64/libprism_es2.so
7fcd2b64d000-7fcd2b650000 ---p 00000000 00:00 0 
7fcd2b650000-7fcd2b74e000 rw-p 00000000 00:00 0                          [stack:15097]
7fcd2b74e000-7fcd2b751000 ---p 00000000 00:00 0 
7fcd2b751000-7fcd2b84f000 rw-p 00000000 00:00 0                          [stack:15096]
7fcd2b84f000-7fcd2b865000 r-xp 00000000 08:04 1576674                    /usr/lib/jvm/jdk1.8.0_45/jre/lib/amd64/libnet.so
7fcd2b865000-7fcd2ba65000 ---p 00016000 08:04 1576674                    /usr/lib/jvm/jdk1.8.0_45/jre/lib/amd64/libnet.so
7fcd2ba65000-7fcd2ba66000 rw-p 00016000 08:04 1576674                    /usr/lib/jvm/jdk1.8.0_45/jre/lib/amd64/libnet.so
7fcd2ba66000-7fcd2bafb000 r--s 010fa000 08:04 1576770                    /usr/lib/jvm/jdk1.8.0_45/jre/lib/ext/jfxrt.jar
7fcd2bafb000-7fcd2bafe000 ---p 00000000 00:00 0 
7fcd2bafe000-7fcd2bbfc000 rw-p 00000000 00:00 0                          [stack:15085]
7fcd2bbfc000-7fcd2bbfd000 r-xp 00000000 08:04 1050719                    /home/sandyna/intellij/idea-IC-141.713.2/bin/libbreakgen64.so
7fcd2bbfd000-7fcd2bdfc000 ---p 00001000 08:04 1050719                    /home/sandyna/intellij/idea-IC-141.713.2/bin/libbreakgen64.so
7fcd2bdfc000-7fcd2bdfd000 r--p 00000000 08:04 1050719                    /home/sandyna/intellij/idea-IC-141.713.2/bin/libbreakgen64.so
7fcd2bdfd000-7fcd2bdfe000 rw-p 00001000 08:04 1050719                    /home/sandyna/intellij/idea-IC-141.713.2/bin/libbreakgen64.so
7fcd2bdfe000-7fcd2bdff000 ---p 00000000 00:00 0 
7fcd2bdff000-7fcd2beff000 rw-p 00000000 00:00 0                          [stack:15074]
7fcd2beff000-7fcd2bf02000 ---p 00000000 00:00 0 
7fcd2bf02000-7fcd2c000000 rw-p 00000000 00:00 0                          [stack:15073]
7fcd2c000000-7fcd2c021000 rw-p 00000000 00:00 0 
7fcd2c021000-7fcd30000000 ---p 00000000 00:00 0 
7fcd30000000-7fcd30001000 r--s 00000000 08:04 11282660                   /var/cache/fontconfig/1ac9eb803944fde146138c791f5cc56a-le64.cache-4
7fcd30001000-7fcd30008000 r--s 00000000 08:04 11282653                   /var/cache/fontconfig/3047814df9a2f067bd2d96a2b9c36e5a-le64.cache-4
7fcd30008000-7fcd3000e000 r--s 00000000 08:04 11282650                   /var/cache/fontconfig/b47c4e1ecd0709278f4910c18777a504-le64.cache-4
7fcd3000e000-7fcd30021000 r--s 00000000 08:04 11282649                   /var/cache/fontconfig/d52a8644073d54c13679302ca1180695-le64.cache-4
7fcd30021000-7fcd3002a000 r--s 00000000 08:04 11285004                   /var/cache/fontconfig/3f7329c5293ffd510edef78f73874cfd-le64.cache-4
7fcd3002a000-7fcd30035000 r--s 00000000 08:04 11282647                   /var/cache/fontconfig/d589a48862398ed80a3d6066f4f56f4c-le64.cache-4
7fcd30035000-7fcd3003d000 rw-s 00000000 00:04 204980                     /drm mm object (deleted)
7fcd3003d000-7fcd3006e000 rw-p 00000000 00:00 0 
7fcd3006e000-7fcd30071000 ---p 00000000 00:00 0 
7fcd30071000-7fcd3016f000 rw-p 00000000 00:00 0                          [stack:15072]
7fcd3016f000-7fcd30172000 ---p 00000000 00:00 0 
7fcd30172000-7fcd34000000 rw-p 00000000 00:00 0                          [stack:15071]
7fcd34000000-7fcd34021000 rw-p 00000000 00:00 0 
7fcd34021000-7fcd38000000 ---p 00000000 00:00 0 
7fcd38000000-7fcd38021000 rw-p 00000000 00:00 0 
7fcd38021000-7fcd3c000000 ---p 00000000 00:00 0 
7fcd3c000000-7fcd3c021000 rw-p 00000000 00:00 0 
7fcd3c021000-7fcd40000000 ---p 00000000 00:00 0 
7fcd40000000-7fcd40021000 rw-p 00000000 00:00 0 
7fcd40021000-7fcd44000000 ---p 00000000 00:00 0 
7fcd44000000-7fcd44021000 rw-p 00000000 00:00 0 
7fcd44021000-7fcd48000000 ---p 00000000 00:00 0 
7fcd48000000-7fcd48001000 r--s 00000000 08:04 11282658                   /var/cache/fontconfig/dc05db6664285cc2f12bf69c139ae4c3-le64.cache-4
7fcd48001000-7fcd48002000 r--s 00000000 08:04 11285717                   /var/cache/fontconfig/4794a0821666d79190d59a36cb4f44b5-le64.cache-4
7fcd48002000-7fcd48003000 r--s 00000000 08:04 11282652                   /var/cache/fontconfig/56cf4f4769d0f4abc89a4895d7bd3ae1-le64.cache-4
7fcd48003000-7fcd48006000 r--s 00000000 08:04 11272285                   /var/cache/fontconfig/e13b20fdb08344e0e664864cc2ede53d-le64.cache-4
7fcd48006000-7fcd4800e000 rw-s 00000000 00:04 201015                     /drm mm object (deleted)
7fcd4800e000-7fcd48016000 rw-s 00000000 00:04 201011                     /drm mm object (deleted)
7fcd48016000-7fcd4801e000 rw-s 00000000 00:04 201004                     /drm mm object (deleted)
7fcd4801e000-7fcd48026000 rw-s 00000000 00:04 201000                     /drm mm object (deleted)
7fcd48026000-7fcd48039000 r--s 000d6000 08:04 1320826                    /usr/lib/jvm/jdk1.8.0_45/jre/lib/plugin.jar
7fcd48039000-7fcd4804c000 r--s 00344000 08:04 1320834                    /usr/lib/jvm/jdk1.8.0_45/jre/lib/resources.jar
7fcd4804c000-7fcd48066000 r--s 001f3000 08:04 1320833                    /usr/lib/jvm/jdk1.8.0_45/jre/lib/deploy.jar
7fcd48066000-7fcd48069000 ---p 00000000 00:00 0 
7fcd48069000-7fcd48167000 rw-p 00000000 00:00 0                          [stack:15070]
7fcd48167000-7fcd4816a000 ---p 00000000 00:00 0 
7fcd4816a000-7fcd48268000 rw-p 00000000 00:00 0                          [stack:15069]
7fcd48268000-7fcd4826b000 ---p 00000000 00:00 0 
7fcd4826b000-7fcd48369000 rw-p 00000000 00:00 0                          [stack:15068]
7fcd48369000-7fcd4864f000 r--p 00000000 08:04 1316901                    /usr/lib/locale/locale-archive
7fcd4864f000-7fcd48652000 ---p 00000000 00:00 0 
7fcd48652000-7fcd48750000 rw-p 00000000 00:00 0                          [stack:15067]
7fcd48750000-7fcd48753000 ---p 00000000 00:00 0 
7fcd48753000-7fcd48851000 rw-p 00000000 00:00 0                          [stack:15066]
7fcd48851000-7fcd48852000 ---p 00000000 00:00 0 
7fcd48852000-7fcd4a5c4000 rw-p 00000000 00:00 0                          [stack:15065]
7fcd4a5c4000-7fcd4a79d000 r--s 03d09000 08:04 1320842                    /usr/lib/jvm/jdk1.8.0_45/jre/lib/rt.jar
7fcd4a79d000-7fcd4b376000 rw-p 00000000 00:00 0 
7fcd4b376000-7fcd4b377000 ---p 00000000 00:00 0 
7fcd4b377000-7fcd4b477000 rw-p 00000000 00:00 0                          [stack:15064]
7fcd4b477000-7fcd4b478000 ---p 00000000 00:00 0 
7fcd4b478000-7fcd4b578000 rw-p 00000000 00:00 0                          [stack:15063]
7fcd4b578000-7fcd4b579000 ---p 00000000 00:00 0 
7fcd4b579000-7fcd4b679000 rw-p 00000000 00:00 0                          [stack:15062]
7fcd4b679000-7fcd4b67a000 ---p 00000000 00:00 0 
7fcd4b67a000-7fcd4b77a000 rw-p 00000000 00:00 0                          [stack:15061]
7fcd4b77a000-7fcd4b77b000 ---p 00000000 00:00 0 
7fcd4b77b000-7fcd4b87b000 rw-p 00000000 00:00 0                          [stack:15060]
7fcd4b87b000-7fcd4b87c000 ---p 00000000 00:00 0 
7fcd4b87c000-7fcd4b97c000 rw-p 00000000 00:00 0                          [stack:15059]
7fcd4b97c000-7fcd4b97d000 ---p 00000000 00:00 0 
7fcd4b97d000-7fcd4ba7d000 rw-p 00000000 00:00 0                          [stack:15058]
7fcd4ba7d000-7fcd4ba7e000 ---p 00000000 00:00 0 
7fcd4ba7e000-7fcd4bba8000 rw-p 00000000 00:00 0                          [stack:15057]
7fcd4bba8000-7fcd4be0f000 ---p 00000000 00:00 0 
7fcd4be0f000-7fcd4be39000 rw-p 00000000 00:00 0 
7fcd4be39000-7fcd4c09f000 ---p 00000000 00:00 0 
7fcd4c09f000-7fcd4c0b5000 rw-p 00000000 00:00 0 
7fcd4c0b5000-7fcd4c1e8000 ---p 00000000 00:00 0 
7fcd4c1e8000-7fcd4c200000 rw-p 00000000 00:00 0 
7fcd4c200000-7fcd4c5a9000 ---p 00000000 00:00 0 
7fcd4c5a9000-7fcd4cb39000 rwxp 00000000 00:00 0 
7fcd4cb39000-7fcd5b5a9000 ---p 00000000 00:00 0 
7fcd5b5a9000-7fcd5b5c3000 r-xp 00000000 08:04 1576651                    /usr/lib/jvm/jdk1.8.0_45/jre/lib/amd64/libzip.so
7fcd5b5c3000-7fcd5b7c3000 ---p 0001a000 08:04 1576651                    /usr/lib/jvm/jdk1.8.0_45/jre/lib/amd64/libzip.so
7fcd5b7c3000-7fcd5b7c4000 rw-p 0001a000 08:04 1576651                    /usr/lib/jvm/jdk1.8.0_45/jre/lib/amd64/libzip.so
7fcd5b7c4000-7fcd5b7cf000 r-xp 00000000 08:04 7734237                    /lib/x86_64-linux-gnu/libnss_files-2.19.so
7fcd5b7cf000-7fcd5b9ce000 ---p 0000b000 08:04 7734237                    /lib/x86_64-linux-gnu/libnss_files-2.19.so
7fcd5b9ce000-7fcd5b9cf000 r--p 0000a000 08:04 7734237                    /lib/x86_64-linux-gnu/libnss_files-2.19.so
7fcd5b9cf000-7fcd5b9d0000 rw-p 0000b000 08:04 7734237                    /lib/x86_64-linux-gnu/libnss_files-2.19.so
7fcd5b9d0000-7fcd5b9db000 r-xp 00000000 08:04 7734382                    /lib/x86_64-linux-gnu/libnss_nis-2.19.so
7fcd5b9db000-7fcd5bbda000 ---p 0000b000 08:04 7734382                    /lib/x86_64-linux-gnu/libnss_nis-2.19.so
7fcd5bbda000-7fcd5bbdb000 r--p 0000a000 08:04 7734382                    /lib/x86_64-linux-gnu/libnss_nis-2.19.so
7fcd5bbdb000-7fcd5bbdc000 rw-p 0000b000 08:04 7734382                    /lib/x86_64-linux-gnu/libnss_nis-2.19.so
7fcd5bbdc000-7fcd5bbf3000 r-xp 00000000 08:04 7734345                    /lib/x86_64-linux-gnu/libnsl-2.19.so
7fcd5bbf3000-7fcd5bdf2000 ---p 00017000 08:04 7734345                    /lib/x86_64-linux-gnu/libnsl-2.19.so
7fcd5bdf2000-7fcd5bdf3000 r--p 00016000 08:04 7734345                    /lib/x86_64-linux-gnu/libnsl-2.19.so
7fcd5bdf3000-7fcd5bdf4000 rw-p 00017000 08:04 7734345                    /lib/x86_64-linux-gnu/libnsl-2.19.so
7fcd5bdf4000-7fcd5bdf6000 rw-p 00000000 00:00 0 
7fcd5bdf6000-7fcd5bdff000 r-xp 00000000 08:04 7734343                    /lib/x86_64-linux-gnu/libnss_compat-2.19.so
7fcd5bdff000-7fcd5bffe000 ---p 00009000 08:04 7734343                    /lib/x86_64-linux-gnu/libnss_compat-2.19.so
7fcd5bffe000-7fcd5bfff000 r--p 00008000 08:04 7734343                    /lib/x86_64-linux-gnu/libnss_compat-2.19.so
7fcd5bfff000-7fcd5c000000 rw-p 00009000 08:04 7734343                    /lib/x86_64-linux-gnu/libnss_compat-2.19.so
7fcd5c000000-7fcd5c235000 rw-p 00000000 00:00 0 
7fcd5c235000-7fcd60000000 ---p 00000000 00:00 0 
7fcd60000000-7fcd60001000 r--s 00000000 08:04 11282651                   /var/cache/fontconfig/b9d506c9ac06c20b433354fa67a72993-le64.cache-4
7fcd60001000-7fcd60002000 r--s 00000000 08:04 11282646                   /var/cache/fontconfig/0c9eb80ebd1c36541ebe2852d3bb0c49-le64.cache-4
7fcd60002000-7fcd60006000 r--s 00000000 08:04 11272264                   /var/cache/fontconfig/7ef2298fde41cc6eeb7af42e48b7d293-le64.cache-4
7fcd60006000-7fcd6007c000 rw-p 00000000 00:00 0 
7fcd6007c000-7fcd600a6000 r-xp 00000000 08:04 1576643                    /usr/lib/jvm/jdk1.8.0_45/jre/lib/amd64/libjava.so
7fcd600a6000-7fcd602a6000 ---p 0002a000 08:04 1576643                    /usr/lib/jvm/jdk1.8.0_45/jre/lib/amd64/libjava.so
7fcd602a6000-7fcd602a8000 rw-p 0002a000 08:04 1576643                    /usr/lib/jvm/jdk1.8.0_45/jre/lib/amd64/libjava.so
7fcd602a8000-7fcd602b5000 r-xp 00000000 08:04 1576689                    /usr/lib/jvm/jdk1.8.0_45/jre/lib/amd64/libverify.so
7fcd602b5000-7fcd604b5000 ---p 0000d000 08:04 1576689                    /usr/lib/jvm/jdk1.8.0_45/jre/lib/amd64/libverify.so
7fcd604b5000-7fcd604b7000 rw-p 0000d000 08:04 1576689                    /usr/lib/jvm/jdk1.8.0_45/jre/lib/amd64/libverify.so
7fcd604b7000-7fcd604be000 r-xp 00000000 08:04 7734376                    /lib/x86_64-linux-gnu/librt-2.19.so
7fcd604be000-7fcd606bd000 ---p 00007000 08:04 7734376                    /lib/x86_64-linux-gnu/librt-2.19.so
7fcd606bd000-7fcd606be000 r--p 00006000 08:04 7734376                    /lib/x86_64-linux-gnu/librt-2.19.so
7fcd606be000-7fcd606bf000 rw-p 00007000 08:04 7734376                    /lib/x86_64-linux-gnu/librt-2.19.so
7fcd606bf000-7fcd607c4000 r-xp 00000000 08:04 7734228                    /lib/x86_64-linux-gnu/libm-2.19.so
7fcd607c4000-7fcd609c3000 ---p 00105000 08:04 7734228                    /lib/x86_64-linux-gnu/libm-2.19.so
7fcd609c3000-7fcd609c4000 r--p 00104000 08:04 7734228                    /lib/x86_64-linux-gnu/libm-2.19.so
7fcd609c4000-7fcd609c5000 rw-p 00105000 08:04 7734228                    /lib/x86_64-linux-gnu/libm-2.19.so
7fcd609c5000-7fcd61673000 r-xp 00000000 08:04 1576695                    /usr/lib/jvm/jdk1.8.0_45/jre/lib/amd64/server/libjvm.so
7fcd61673000-7fcd61872000 ---p 00cae000 08:04 1576695                    /usr/lib/jvm/jdk1.8.0_45/jre/lib/amd64/server/libjvm.so
7fcd61872000-7fcd61949000 rw-p 00cad000 08:04 1576695                    /usr/lib/jvm/jdk1.8.0_45/jre/lib/amd64/server/libjvm.so
7fcd61949000-7fcd6198d000 rw-p 00000000 00:00 0 
7fcd6198d000-7fcd61b48000 r-xp 00000000 08:04 7734370                    /lib/x86_64-linux-gnu/libc-2.19.so
7fcd61b48000-7fcd61d47000 ---p 001bb000 08:04 7734370                    /lib/x86_64-linux-gnu/libc-2.19.so
7fcd61d47000-7fcd61d4b000 r--p 001ba000 08:04 7734370                    /lib/x86_64-linux-gnu/libc-2.19.so
7fcd61d4b000-7fcd61d4d000 rw-p 001be000 08:04 7734370                    /lib/x86_64-linux-gnu/libc-2.19.so
7fcd61d4d000-7fcd61d52000 rw-p 00000000 00:00 0 
7fcd61d52000-7fcd61d55000 r-xp 00000000 08:04 7734275                    /lib/x86_64-linux-gnu/libdl-2.19.so
7fcd61d55000-7fcd61f54000 ---p 00003000 08:04 7734275                    /lib/x86_64-linux-gnu/libdl-2.19.so
7fcd61f54000-7fcd61f55000 r--p 00002000 08:04 7734275                    /lib/x86_64-linux-gnu/libdl-2.19.so
7fcd61f55000-7fcd61f56000 rw-p 00003000 08:04 7734275                    /lib/x86_64-linux-gnu/libdl-2.19.so
7fcd61f56000-7fcd61f6b000 r-xp 00000000 08:04 1577048                    /usr/lib/jvm/jdk1.8.0_45/lib/amd64/jli/libjli.so
7fcd61f6b000-7fcd6216b000 ---p 00015000 08:04 1577048                    /usr/lib/jvm/jdk1.8.0_45/lib/amd64/jli/libjli.so
7fcd6216b000-7fcd6216c000 rw-p 00015000 08:04 1577048                    /usr/lib/jvm/jdk1.8.0_45/lib/amd64/jli/libjli.so
7fcd6216c000-7fcd62185000 r-xp 00000000 08:04 7734372                    /lib/x86_64-linux-gnu/libpthread-2.19.so
7fcd62185000-7fcd62384000 ---p 00019000 08:04 7734372                    /lib/x86_64-linux-gnu/libpthread-2.19.so
7fcd62384000-7fcd62385000 r--p 00018000 08:04 7734372                    /lib/x86_64-linux-gnu/libpthread-2.19.so
7fcd62385000-7fcd62386000 rw-p 00019000 08:04 7734372                    /lib/x86_64-linux-gnu/libpthread-2.19.so
7fcd62386000-7fcd6238a000 rw-p 00000000 00:00 0 
7fcd6238a000-7fcd623ad000 r-xp 00000000 08:04 7734364                    /lib/x86_64-linux-gnu/ld-2.19.so
7fcd623ad000-7fcd623ae000 rw-s 00000000 00:04 201012                     /drm mm object (deleted)
7fcd623ae000-7fcd623b0000 r--s 00016000 08:04 1048873                    /home/sandyna/intellij/idea-IC-141.713.2/lib/idea_rt.jar
7fcd623b0000-7fcd623b5000 r--s 002f8000 08:04 1320858                    /usr/lib/jvm/jdk1.8.0_45/jre/lib/charsets.jar
7fcd623b5000-7fcd623ba000 r--s 00094000 08:04 1320840                    /usr/lib/jvm/jdk1.8.0_45/jre/lib/jsse.jar
7fcd623ba000-7fcd62485000 rw-p 00000000 00:00 0 
7fcd62485000-7fcd62488000 ---p 00000000 00:00 0 
7fcd62488000-7fcd6258a000 rw-p 00000000 00:00 0                          [stack:15056]
7fcd6258a000-7fcd6258b000 rw-s 00000000 00:04 201001                     /drm mm object (deleted)
7fcd6258b000-7fcd6258e000 r--s 0001a000 08:04 1320859                    /usr/lib/jvm/jdk1.8.0_45/jre/lib/jce.jar
7fcd6258e000-7fcd62590000 r--s 00007000 08:04 1320856                    /usr/lib/jvm/jdk1.8.0_45/jre/lib/jfxswt.jar
7fcd62590000-7fcd62591000 r--s 00000000 08:04 1320857                    /usr/lib/jvm/jdk1.8.0_45/jre/lib/management-agent.jar
7fcd62591000-7fcd6259b000 r--s 00069000 08:04 1320835                    /usr/lib/jvm/jdk1.8.0_45/jre/lib/javaws.jar
7fcd6259b000-7fcd625a0000 r--s 00083000 08:04 1320849                    /usr/lib/jvm/jdk1.8.0_45/jre/lib/jfr.jar
7fcd625a0000-7fcd625a8000 rw-s 00000000 08:04 3932337                    /tmp/hsperfdata_sandyna/15054
7fcd625a8000-7fcd625a9000 rw-p 00000000 00:00 0 
7fcd625a9000-7fcd625aa000 r--p 00000000 00:00 0 
7fcd625aa000-7fcd625ac000 rw-p 00000000 00:00 0 
7fcd625ac000-7fcd625ad000 r--p 00022000 08:04 7734364                    /lib/x86_64-linux-gnu/ld-2.19.so
7fcd625ad000-7fcd625ae000 rw-p 00023000 08:04 7734364                    /lib/x86_64-linux-gnu/ld-2.19.so
7fcd625ae000-7fcd625af000 rw-p 00000000 00:00 0 
7fff06f41000-7fff06f62000 rw-p 00000000 00:00 0                          [stack]
7fff06ffe000-7fff07000000 r-xp 00000000 00:00 0                          [vdso]
ffffffffff600000-ffffffffff601000 r-xp 00000000 00:00 0                  [vsyscall]

VM Arguments:
jvm_args: -Didea.launcher.port=7535 -Didea.launcher.bin.path=/home/sandyna/intellij/idea-IC-141.713.2/bin -Dfile.encoding=UTF-8 
java_command: com.intellij.rt.execution.application.AppMain gui.Main
java_class_path (initial): /usr/lib/jvm/jdk1.8.0_45/jre/lib/deploy.jar:/usr/lib/jvm/jdk1.8.0_45/jre/lib/jfr.jar:/usr/lib/jvm/jdk1.8.0_45/jre/lib/javaws.jar:/usr/lib/jvm/jdk1.8.0_45/jre/lib/management-agent.jar:/usr/lib/jvm/jdk1.8.0_45/jre/lib/resources.jar:/usr/lib/jvm/jdk1.8.0_45/jre/lib/jfxswt.jar:/usr/lib/jvm/jdk1.8.0_45/jre/lib/jce.jar:/usr/lib/jvm/jdk1.8.0_45/jre/lib/plugin.jar:/usr/lib/jvm/jdk1.8.0_45/jre/lib/rt.jar:/usr/lib/jvm/jdk1.8.0_45/jre/lib/jsse.jar:/usr/lib/jvm/jdk1.8.0_45/jre/lib/charsets.jar:/usr/lib/jvm/jdk1.8.0_45/jre/lib/ext/sunpkcs11.jar:/usr/lib/jvm/jdk1.8.0_45/jre/lib/ext/zipfs.jar:/usr/lib/jvm/jdk1.8.0_45/jre/lib/ext/nashorn.jar:/usr/lib/jvm/jdk1.8.0_45/jre/lib/ext/sunjce_provider.jar:/usr/lib/jvm/jdk1.8.0_45/jre/lib/ext/localedata.jar:/usr/lib/jvm/jdk1.8.0_45/jre/lib/ext/cldrdata.jar:/usr/lib/jvm/jdk1.8.0_45/jre/lib/ext/sunec.jar:/usr/lib/jvm/jdk1.8.0_45/jre/lib/ext/dnsns.jar:/usr/lib/jvm/jdk1.8.0_45/jre/lib/ext/jfxrt.jar:/home/sandyna/IdeaProjects/project_gui/out/production/project_gui:/home/sandyna/intellij/idea-IC-141.713.2/lib/idea_rt.jar
Launcher Type: SUN_STANDARD

Environment Variables:
PATH=/usr/local/sbin:/usr/local/bin:/usr/sbin:/usr/bin:/sbin:/bin:/usr/games:/usr/local/games
USERNAME=sandyna
LD_LIBRARY_PATH=/home/sandyna/intellij/idea-IC-141.713.2/bin:
SHELL=/bin/bash
DISPLAY=:0

Signal Handlers:
SIGSEGV: [libjvm.so+0xaad1e0], sa_mask[0]=11111111011111111101111111111110, sa_flags=SA_RESTART|SA_SIGINFO
SIGBUS: [libjvm.so+0xaad1e0], sa_mask[0]=11111111011111111101111111111110, sa_flags=SA_RESTART|SA_SIGINFO
SIGFPE: [libjvm.so+0x90b450], sa_mask[0]=11111111011111111101111111111110, sa_flags=SA_RESTART|SA_SIGINFO
SIGPIPE: SIG_IGN, sa_mask[0]=00000000000010000000000000000000, sa_flags=SA_RESTART
SIGXFSZ: [libjvm.so+0x90b450], sa_mask[0]=11111111011111111101111111111110, sa_flags=SA_RESTART|SA_SIGINFO
SIGILL: [libjvm.so+0x90b450], sa_mask[0]=11111111011111111101111111111110, sa_flags=SA_RESTART|SA_SIGINFO
SIGUSR1: SIG_DFL, sa_mask[0]=00000000000000000000000000000000, sa_flags=none
SIGUSR2: [libjvm.so+0x90ca90], sa_mask[0]=00100000000000000000000000000000, sa_flags=SA_RESTART|SA_SIGINFO
SIGHUP: [libjvm.so+0x90dde0], sa_mask[0]=11111111011111111101111111111110, sa_flags=SA_RESTART|SA_SIGINFO
SIGINT: [libjvm.so+0x90dde0], sa_mask[0]=11111111011111111101111111111110, sa_flags=SA_RESTART|SA_SIGINFO
SIGTERM: [libjvm.so+0x90dde0], sa_mask[0]=11111111011111111101111111111110, sa_flags=SA_RESTART|SA_SIGINFO
SIGQUIT: [libjvm.so+0x90dde0], sa_mask[0]=11111111011111111101111111111110, sa_flags=SA_RESTART|SA_SIGINFO


---------------  S Y S T E M  ---------------

OS:DISTRIB_ID=LinuxMint
DISTRIB_RELEASE=17
DISTRIB_CODENAME=qiana
DISTRIB_DESCRIPTION="Linux Mint 17 Qiana"

uname:Linux 3.13.0-24-generic #47-Ubuntu SMP Fri May 2 23:30:00 UTC 2014 x86_64
libc:glibc 2.19 NPTL 2.19 
rlimit: STACK 8192k, CORE 0k, NPROC 62251, NOFILE 4096, AS infinity
load average:1,17 0,52 0,39

/proc/meminfo:
MemTotal:        8064832 kB
MemFree:         3197592 kB
Buffers:          135932 kB
Cached:          1791592 kB
SwapCached:            0 kB
Active:          3268068 kB
Inactive:        1349952 kB
Active(anon):    2697852 kB
Inactive(anon):   495676 kB
Active(file):     570216 kB
Inactive(file):   854276 kB
Unevictable:           0 kB
Mlocked:               0 kB
SwapTotal:       8388604 kB
SwapFree:        8388604 kB
Dirty:              5172 kB
Writeback:            56 kB
AnonPages:       2690704 kB
Mapped:           324284 kB
Shmem:            503028 kB
Slab:             131364 kB
SReclaimable:      94404 kB
SUnreclaim:        36960 kB
KernelStack:        4432 kB
PageTables:        26384 kB
NFS_Unstable:          0 kB
Bounce:                0 kB
WritebackTmp:          0 kB
CommitLimit:    12421020 kB
Committed_AS:    5380044 kB
VmallocTotal:   34359738367 kB
VmallocUsed:      410192 kB
VmallocChunk:   34359322428 kB
HardwareCorrupted:     0 kB
AnonHugePages:   1226752 kB
HugePages_Total:       0
HugePages_Free:        0
HugePages_Rsvd:        0
HugePages_Surp:        0
Hugepagesize:       2048 kB
DirectMap4k:       91180 kB
DirectMap2M:     2942976 kB
DirectMap1G:     5242880 kB


CPU:total 8 (4 cores per cpu, 2 threads per core) family 6 model 60 stepping 3, cmov, cx8, fxsr, mmx, sse, sse2, sse3, ssse3, sse4.1, sse4.2, popcnt, avx, avx2, aes, clmul, erms, lzcnt, ht, tsc, tscinvbit, bmi1, bmi2

/proc/cpuinfo:
processor	: 0
vendor_id	: GenuineIntel
cpu family	: 6
model		: 60
model name	: Intel(R) Core(TM) i7-4702MQ CPU @ 2.20GHz
stepping	: 3
microcode	: 0x17
cpu MHz		: 800.000
cache size	: 6144 KB
physical id	: 0
siblings	: 8
core id		: 0
cpu cores	: 4
apicid		: 0
initial apicid	: 0
fpu		: yes
fpu_exception	: yes
cpuid level	: 13
wp		: yes
flags		: fpu vme de pse tsc msr pae mce cx8 apic sep mtrr pge mca cmov pat pse36 clflush dts acpi mmx fxsr sse sse2 ss ht tm pbe syscall nx pdpe1gb rdtscp lm constant_tsc arch_perfmon pebs bts rep_good nopl xtopology nonstop_tsc aperfmperf eagerfpu pni pclmulqdq dtes64 monitor ds_cpl vmx est tm2 ssse3 fma cx16 xtpr pdcm pcid sse4_1 sse4_2 movbe popcnt tsc_deadline_timer aes xsave avx f16c rdrand lahf_lm abm ida arat epb xsaveopt pln pts dtherm tpr_shadow vnmi flexpriority ept vpid fsgsbase tsc_adjust bmi1 avx2 smep bmi2 erms invpcid
bogomips	: 4389.91
clflush size	: 64
cache_alignment	: 64
address sizes	: 39 bits physical, 48 bits virtual
power management:

processor	: 1
vendor_id	: GenuineIntel
cpu family	: 6
model		: 60
model name	: Intel(R) Core(TM) i7-4702MQ CPU @ 2.20GHz
stepping	: 3
microcode	: 0x17
cpu MHz		: 800.000
cache size	: 6144 KB
physical id	: 0
siblings	: 8
core id		: 0
cpu cores	: 4
apicid		: 1
initial apicid	: 1
fpu		: yes
fpu_exception	: yes
cpuid level	: 13
wp		: yes
flags		: fpu vme de pse tsc msr pae mce cx8 apic sep mtrr pge mca cmov pat pse36 clflush dts acpi mmx fxsr sse sse2 ss ht tm pbe syscall nx pdpe1gb rdtscp lm constant_tsc arch_perfmon pebs bts rep_good nopl xtopology nonstop_tsc aperfmperf eagerfpu pni pclmulqdq dtes64 monitor ds_cpl vmx est tm2 ssse3 fma cx16 xtpr pdcm pcid sse4_1 sse4_2 movbe popcnt tsc_deadline_timer aes xsave avx f16c rdrand lahf_lm abm ida arat epb xsaveopt pln pts dtherm tpr_shadow vnmi flexpriority ept vpid fsgsbase tsc_adjust bmi1 avx2 smep bmi2 erms invpcid
bogomips	: 4389.91
clflush size	: 64
cache_alignment	: 64
address sizes	: 39 bits physical, 48 bits virtual
power management:

processor	: 2
vendor_id	: GenuineIntel
cpu family	: 6
model		: 60
model name	: Intel(R) Core(TM) i7-4702MQ CPU @ 2.20GHz
stepping	: 3
microcode	: 0x17
cpu MHz		: 1500.000
cache size	: 6144 KB
physical id	: 0
siblings	: 8
core id		: 1
cpu cores	: 4
apicid		: 2
initial apicid	: 2
fpu		: yes
fpu_exception	: yes
cpuid level	: 13
wp		: yes
flags		: fpu vme de pse tsc msr pae mce cx8 apic sep mtrr pge mca cmov pat pse36 clflush dts acpi mmx fxsr sse sse2 ss ht tm pbe syscall nx pdpe1gb rdtscp lm constant_tsc arch_perfmon pebs bts rep_good nopl xtopology nonstop_tsc aperfmperf eagerfpu pni pclmulqdq dtes64 monitor ds_cpl vmx est tm2 ssse3 fma cx16 xtpr pdcm pcid sse4_1 sse4_2 movbe popcnt tsc_deadline_timer aes xsave avx f16c rdrand lahf_lm abm ida arat epb xsaveopt pln pts dtherm tpr_shadow vnmi flexpriority ept vpid fsgsbase tsc_adjust bmi1 avx2 smep bmi2 erms invpcid
bogomips	: 4389.91
clflush size	: 64
cache_alignment	: 64
address sizes	: 39 bits physical, 48 bits virtual
power management:

processor	: 3
vendor_id	: GenuineIntel
cpu family	: 6
model		: 60
model name	: Intel(R) Core(TM) i7-4702MQ CPU @ 2.20GHz
stepping	: 3
microcode	: 0x17
cpu MHz		: 800.000
cache size	: 6144 KB
physical id	: 0
siblings	: 8
core id		: 1
cpu cores	: 4
apicid		: 3
initial apicid	: 3
fpu		: yes
fpu_exception	: yes
cpuid level	: 13
wp		: yes
flags		: fpu vme de pse tsc msr pae mce cx8 apic sep mtrr pge mca cmov pat pse36 clflush dts acpi mmx fxsr sse sse2 ss ht tm pbe syscall nx pdpe1gb rdtscp lm constant_tsc arch_perfmon pebs bts rep_good nopl xtopology nonstop_tsc aperfmperf eagerfpu pni pclmulqdq dtes64 monitor ds_cpl vmx est tm2 ssse3 fma cx16 xtpr pdcm pcid sse4_1 sse4_2 movbe popcnt tsc_deadline_timer aes xsave avx f16c rdrand lahf_lm abm ida arat epb xsaveopt pln pts dtherm tpr_shadow vnmi flexpriority ept vpid fsgsbase tsc_adjust bmi1 avx2 smep bmi2 erms invpcid
bogomips	: 4389.91
clflush size	: 64
cache_alignment	: 64
address sizes	: 39 bits physical, 48 bits virtual
power management:

processor	: 4
vendor_id	: GenuineIntel
cpu family	: 6
model		: 60
model name	: Intel(R) Core(TM) i7-4702MQ CPU @ 2.20GHz
stepping	: 3
microcode	: 0x17
cpu MHz		: 800.000
cache size	: 6144 KB
physical id	: 0
siblings	: 8
core id		: 2
cpu cores	: 4
apicid		: 4
initial apicid	: 4
fpu		: yes
fpu_exception	: yes
cpuid level	: 13
wp		: yes
flags		: fpu vme de pse tsc msr pae mce cx8 apic sep mtrr pge mca cmov pat pse36 clflush dts acpi mmx fxsr sse sse2 ss ht tm pbe syscall nx pdpe1gb rdtscp lm constant_tsc arch_perfmon pebs bts rep_good nopl xtopology nonstop_tsc aperfmperf eagerfpu pni pclmulqdq dtes64 monitor ds_cpl vmx est tm2 ssse3 fma cx16 xtpr pdcm pcid sse4_1 sse4_2 movbe popcnt tsc_deadline_timer aes xsave avx f16c rdrand lahf_lm abm ida arat epb xsaveopt pln pts dtherm tpr_shadow vnmi flexpriority ept vpid fsgsbase tsc_adjust bmi1 avx2 smep bmi2 erms invpcid
bogomips	: 4389.91
clflush size	: 64
cache_alignment	: 64
address sizes	: 39 bits physical, 48 bits virtual
power management:

processor	: 5
vendor_id	: GenuineIntel
cpu family	: 6
model		: 60
model name	: Intel(R) Core(TM) i7-4702MQ CPU @ 2.20GHz
stepping	: 3
microcode	: 0x17
cpu MHz		: 2201.000
cache size	: 6144 KB
physical id	: 0
siblings	: 8
core id		: 2
cpu cores	: 4
apicid		: 5
initial apicid	: 5
fpu		: yes
fpu_exception	: yes
cpuid level	: 13
wp		: yes
flags		: fpu vme de pse tsc msr pae mce cx8 apic sep mtrr pge mca cmov pat pse36 clflush dts acpi mmx fxsr sse sse2 ss ht tm pbe syscall nx pdpe1gb rdtscp lm constant_tsc arch_perfmon pebs bts rep_good nopl xtopology nonstop_tsc aperfmperf eagerfpu pni pclmulqdq dtes64 monitor ds_cpl vmx est tm2 ssse3 fma cx16 xtpr pdcm pcid sse4_1 sse4_2 movbe popcnt tsc_deadline_timer aes xsave avx f16c rdrand lahf_lm abm ida arat epb xsaveopt pln pts dtherm tpr_shadow vnmi flexpriority ept vpid fsgsbase tsc_adjust bmi1 avx2 smep bmi2 erms invpcid
bogomips	: 4389.91
clflush size	: 64
cache_alignment	: 64
address sizes	: 39 bits physical, 48 bits virtual
power management:

processor	: 6
vendor_id	: GenuineIntel
cpu family	: 6
model		: 60
model name	: Intel(R) Core(TM) i7-4702MQ CPU @ 2.20GHz
stepping	: 3
microcode	: 0x17
cpu MHz		: 800.000
cache size	: 6144 KB
physical id	: 0
siblings	: 8
core id		: 3
cpu cores	: 4
apicid		: 6
initial apicid	: 6
fpu		: yes
fpu_exception	: yes
cpuid level	: 13
wp		: yes
flags		: fpu vme de pse tsc msr pae mce cx8 apic sep mtrr pge mca cmov pat pse36 clflush dts acpi mmx fxsr sse sse2 ss ht tm pbe syscall nx pdpe1gb rdtscp lm constant_tsc arch_perfmon pebs bts rep_good nopl xtopology nonstop_tsc aperfmperf eagerfpu pni pclmulqdq dtes64 monitor ds_cpl vmx est tm2 ssse3 fma cx16 xtpr pdcm pcid sse4_1 sse4_2 movbe popcnt tsc_deadline_timer aes xsave avx f16c rdrand lahf_lm abm ida arat epb xsaveopt pln pts dtherm tpr_shadow vnmi flexpriority ept vpid fsgsbase tsc_adjust bmi1 avx2 smep bmi2 erms invpcid
bogomips	: 4389.91
clflush size	: 64
cache_alignment	: 64
address sizes	: 39 bits physical, 48 bits virtual
power management:

processor	: 7
vendor_id	: GenuineIntel
cpu family	: 6
model		: 60
model name	: Intel(R) Core(TM) i7-4702MQ CPU @ 2.20GHz
stepping	: 3
microcode	: 0x17
cpu MHz		: 800.000
cache size	: 6144 KB
physical id	: 0
siblings	: 8
core id		: 3
cpu cores	: 4
apicid		: 7
initial apicid	: 7
fpu		: yes
fpu_exception	: yes
cpuid level	: 13
wp		: yes
flags		: fpu vme de pse tsc msr pae mce cx8 apic sep mtrr pge mca cmov pat pse36 clflush dts acpi mmx fxsr sse sse2 ss ht tm pbe syscall nx pdpe1gb rdtscp lm constant_tsc arch_perfmon pebs bts rep_good nopl xtopology nonstop_tsc aperfmperf eagerfpu pni pclmulqdq dtes64 monitor ds_cpl vmx est tm2 ssse3 fma cx16 xtpr pdcm pcid sse4_1 sse4_2 movbe popcnt tsc_deadline_timer aes xsave avx f16c rdrand lahf_lm abm ida arat epb xsaveopt pln pts dtherm tpr_shadow vnmi flexpriority ept vpid fsgsbase tsc_adjust bmi1 avx2 smep bmi2 erms invpcid
bogomips	: 4389.91
clflush size	: 64
cache_alignment	: 64
address sizes	: 39 bits physical, 48 bits virtual
power management:



Memory: 4k page, physical 8064832k(3197592k free), swap 8388604k(8388604k free)

vm_info: Java HotSpot(TM) 64-Bit Server VM (25.45-b02) for linux-amd64 JRE (1.8.0_45-b14), built on Apr 10 2015 10:07:45 by "java_re" with gcc 4.3.0 20080428 (Red Hat 4.3.0-8)

time: Mon May 11 18:08:54 2015
elapsed time: 4 seconds (0d 0h 0m 4s)

